{"meta": {"format": 3, "version": "7.13.3", "timestamp": "2026-03-06T08:30:13.332892", "branch_coverage": true, "show_contexts": false}, "files": {"src/signalsift/__init__.py": {"executed_lines": [8], "summary": {"covered_lines": 1, "num_statements": 1, "percent_covered": 100.0, "percent_covered_display": "100", "missing_lines": 0, "excluded_lines": 0, "percent_statements_covered": 100.0, "percent_statements_covered_display": "100", "num_branches": 0, "num_partial_branches": 0, "covered_branches": 0, "missing_branches": 0, "percent_branches_covered": 100.0, "percent_branches_covered_display": "100"}, "missing_lines": [], "excluded_lines": [], "executed_branches": [], "missing_branches": [], "functions": {"": {"executed_lines": [8], "summary": {"covered_lines": 1, "num_statements": 1, "percent_covered": 100.0, "percent_covered_display": "100", "missing_lines": 0, "excluded_lines": 0, "percent_statements_covered": 100.0, "percent_statements_covered_display": "100", "num_branches": 0, "num_partial_branches": 0, "covered_branches": 0, "missing_branches": 0, "percent_branches_covered": 100.0, "percent_branches_covered_display": "100"}, "missing_lines": [], "excluded_lines": [], "start_line": 1, "executed_branches": [], "missing_branches": []}}, "classes": {"": {"executed_lines": [8], "summary": {"covered_lines": 1, "num_statements": 1, "percent_covered": 100.0, "percent_covered_display": "100", "missing_lines": 0, "excluded_lines": 0, "percent_statements_covered": 100.0, "percent_statements_covered_display": "100", "num_branches": 0, "num_partial_branches": 0, "covered_branches": 0, "missing_branches": 0, "percent_branches_covered": 100.0, "percent_branches_covered_display": "100"}, "missing_lines": [], "excluded_lines": [], "start_line": 1, "executed_branches": [], "missing_branches": []}}}, "src/signalsift/__main__.py": {"executed_lines": [], "summary": {"covered_lines": 0, "num_statements": 3, "percent_covered": 0.0, "percent_covered_display": "0", "missing_lines": 3, "excluded_lines": 0, "percent_statements_covered": 0.0, "percent_statements_covered_display": "0", "num_branches": 2, "num_partial_branches": 0, "covered_branches": 0, "missing_branches": 2, "percent_branches_covered": 0.0, "percent_branches_covered_display": "0"}, "missing_lines": [3, 5, 6], "excluded_lines": [], "executed_branches": [], "missing_branches": [[5, -1], [5, 6]], "functions": {"": {"executed_lines": [], "summary": {"covered_lines": 0, "num_statements": 3, "percent_covered": 0.0, "percent_covered_display": "0", "missing_lines": 3, "excluded_lines": 0, "percent_statements_covered": 0.0, "percent_statements_covered_display": "0", "num_branches": 2, "num_partial_branches": 0, "covered_branches": 0, "missing_branches": 2, "percent_branches_covered": 0.0, "percent_branches_covered_display": "0"}, "missing_lines": [3, 5, 6], "excluded_lines": [], "start_line": 1, "executed_branches": [], "missing_branches": [[5, -1], [5, 6]]}}, "classes": {"": {"executed_lines": [], "summary": {"covered_lines": 0, "num_statements": 3, "percent_covered": 0.0, "percent_covered_display": "0", "missing_lines": 3, "excluded_lines": 0, "percent_statements_covered": 0.0, "percent_statements_covered_display": "0", "num_branches": 2, "num_partial_branches": 0, "covered_branches": 0, "missing_branches": 2, "percent_branches_covered": 0.0, "percent_branches_covered_display": "0"}, "missing_lines": [3, 5, 6], "excluded_lines": [], "start_line": 1, "executed_branches": [], "missing_branches": [[5, -1], [5, 6]]}}}, "src/signalsift/cli/__init__.py": {"executed_lines": [3, 5], "summary": {"covered_lines": 2, "num_statements": 2, "percent_covered": 100.0, "percent_covered_display": "100", "missing_lines": 0, "excluded_lines": 0, "percent_statements_covered": 100.0, "percent_statements_covered_display": "100", "num_branches": 0, "num_partial_branches": 0, "covered_branches": 0, "missing_branches": 0, "percent_branches_covered": 100.0, "percent_branches_covered_display": "100"}, "missing_lines": [], "excluded_lines": [], "executed_branches": [], "missing_branches": [], "functions": {"": {"executed_lines": [3, 5], "summary": {"covered_lines": 2, "num_statements": 2, "percent_covered": 100.0, "percent_covered_display": "100", "missing_lines": 0, "excluded_lines": 0, "percent_statements_covered": 100.0, "percent_statements_covered_display": "100", "num_branches": 0, "num_partial_branches": 0, "covered_branches": 0, "missing_branches": 0, "percent_branches_covered": 100.0, "percent_branches_covered_display": "100"}, "missing_lines": [], "excluded_lines": [], "start_line": 1, "executed_branches": [], "missing_branches": []}}, "classes": {"": {"executed_lines": [3, 5], "summary": {"covered_lines": 2, "num_statements": 2, "percent_covered": 100.0, "percent_covered_display": "100", "missing_lines": 0, "excluded_lines": 0, "percent_statements_covered": 100.0, "percent_statements_covered_display": "100", "num_branches": 0, "num_partial_branches": 0, "covered_branches": 0, "missing_branches": 0, "percent_branches_covered": 100.0, "percent_branches_covered_display": "100"}, "missing_lines": [], "excluded_lines": [], "start_line": 1, "executed_branches": [], "missing_branches": []}}}, "src/signalsift/cli/cache.py": {"executed_lines": [3, 4, 6, 7, 8, 10, 17, 19, 22, 23, 28, 29, 57, 58, 64, 65, 82, 83, 84, 95, 96, 97, 107, 108, 109], "summary": {"covered_lines": 25, "num_statements": 70, "percent_covered": 30.48780487804878, "percent_covered_display": "30", "missing_lines": 45, "excluded_lines": 0, "percent_statements_covered": 35.714285714285715, "percent_statements_covered_display": "36", "num_branches": 12, "num_partial_branches": 0, "covered_branches": 0, "missing_branches": 12, "percent_branches_covered": 0.0, "percent_branches_covered_display": "0"}, "missing_lines": [25, 31, 33, 34, 36, 37, 39, 40, 41, 43, 44, 45, 46, 47, 48, 49, 50, 51, 52, 54, 67, 68, 71, 72, 74, 76, 86, 87, 88, 89, 91, 92, 99, 101, 102, 104, 111, 112, 113, 114, 116, 117, 118, 120, 122], "excluded_lines": [], "executed_branches": [], "missing_branches": [[67, 68], [67, 74], [68, 71], [68, 74], [86, 87], [86, 91], [87, 88], [87, 91], [111, 112], [111, 116], [116, 117], [116, 120]], "functions": {"cache": {"executed_lines": [], "summary": {"covered_lines": 0, "num_statements": 1, "percent_covered": 0.0, "percent_covered_display": "0", "missing_lines": 1, "excluded_lines": 0, "percent_statements_covered": 0.0, "percent_statements_covered_display": "0", "num_branches": 0, "num_partial_branches": 0, "covered_branches": 0, "missing_branches": 0, "percent_branches_covered": 100.0, "percent_branches_covered_display": "100"}, "missing_lines": [25], "excluded_lines": [], "start_line": 23, "executed_branches": [], "missing_branches": []}, "cache_stats": {"executed_lines": [], "summary": {"covered_lines": 0, "num_statements": 19, "percent_covered": 0.0, "percent_covered_display": "0", "missing_lines": 19, "excluded_lines": 0, "percent_statements_covered": 0.0, "percent_statements_covered_display": "0", "num_branches": 0, "num_partial_branches": 0, "covered_branches": 0, "missing_branches": 0, "percent_branches_covered": 100.0, "percent_branches_covered_display": "100"}, "missing_lines": [31, 33, 34, 36, 37, 39, 40, 41, 43, 44, 45, 46, 47, 48, 49, 50, 51, 52, 54], "excluded_lines": [], "start_line": 29, "executed_branches": [], "missing_branches": []}, "prune_cache": {"executed_lines": [], "summary": {"covered_lines": 0, "num_statements": 6, "percent_covered": 0.0, "percent_covered_display": "0", "missing_lines": 6, "excluded_lines": 0, "percent_statements_covered": 0.0, "percent_statements_covered_display": "0", "num_branches": 4, "num_partial_branches": 0, "covered_branches": 0, "missing_branches": 4, "percent_branches_covered": 0.0, "percent_branches_covered_display": "0"}, "missing_lines": [67, 68, 71, 72, 74, 76], "excluded_lines": [], "start_line": 65, "executed_branches": [], "missing_branches": [[67, 68], [67, 74], [68, 71], [68, 74]]}, "reset_processed": {"executed_lines": [], "summary": {"covered_lines": 0, "num_statements": 6, "percent_covered": 0.0, "percent_covered_display": "0", "missing_lines": 6, "excluded_lines": 0, "percent_statements_covered": 0.0, "percent_statements_covered_display": "0", "num_branches": 4, "num_partial_branches": 0, "covered_branches": 0, "missing_branches": 4, "percent_branches_covered": 0.0, "percent_branches_covered_display": "0"}, "missing_lines": [86, 87, 88, 89, 91, 92], "excluded_lines": [], "start_line": 84, "executed_branches": [], "missing_branches": [[86, 87], [86, 91], [87, 88], [87, 91]]}, "export_cache": {"executed_lines": [], "summary": {"covered_lines": 0, "num_statements": 4, "percent_covered": 0.0, "percent_covered_display": "0", "missing_lines": 4, "excluded_lines": 0, "percent_statements_covered": 0.0, "percent_statements_covered_display": "0", "num_branches": 0, "num_partial_branches": 0, "covered_branches": 0, "missing_branches": 0, "percent_branches_covered": 100.0, "percent_branches_covered_display": "100"}, "missing_lines": [99, 101, 102, 104], "excluded_lines": [], "start_line": 97, "executed_branches": [], "missing_branches": []}, "clear_cache": {"executed_lines": [], "summary": {"covered_lines": 0, "num_statements": 9, "percent_covered": 0.0, "percent_covered_display": "0", "missing_lines": 9, "excluded_lines": 0, "percent_statements_covered": 0.0, "percent_statements_covered_display": "0", "num_branches": 4, "num_partial_branches": 0, "covered_branches": 0, "missing_branches": 4, "percent_branches_covered": 0.0, "percent_branches_covered_display": "0"}, "missing_lines": [111, 112, 113, 114, 116, 117, 118, 120, 122], "excluded_lines": [], "start_line": 109, "executed_branches": [], "missing_branches": [[111, 112], [111, 116], [116, 117], [116, 120]]}, "": {"executed_lines": [3, 4, 6, 7, 8, 10, 17, 19, 22, 23, 28, 29, 57, 58, 64, 65, 82, 83, 84, 95, 96, 97, 107, 108, 109], "summary": {"covered_lines": 25, "num_statements": 25, "percent_covered": 100.0, "percent_covered_display": "100", "missing_lines": 0, "excluded_lines": 0, "percent_statements_covered": 100.0, "percent_statements_covered_display": "100", "num_branches": 0, "num_partial_branches": 0, "covered_branches": 0, "missing_branches": 0, "percent_branches_covered": 100.0, "percent_branches_covered_display": "100"}, "missing_lines": [], "excluded_lines": [], "start_line": 1, "executed_branches": [], "missing_branches": []}}, "classes": {"": {"executed_lines": [3, 4, 6, 7, 8, 10, 17, 19, 22, 23, 28, 29, 57, 58, 64, 65, 82, 83, 84, 95, 96, 97, 107, 108, 109], "summary": {"covered_lines": 25, "num_statements": 70, "percent_covered": 30.48780487804878, "percent_covered_display": "30", "missing_lines": 45, "excluded_lines": 0, "percent_statements_covered": 35.714285714285715, "percent_statements_covered_display": "36", "num_branches": 12, "num_partial_branches": 0, "covered_branches": 0, "missing_branches": 12, "percent_branches_covered": 0.0, "percent_branches_covered_display": "0"}, "missing_lines": [25, 31, 33, 34, 36, 37, 39, 40, 41, 43, 44, 45, 46, 47, 48, 49, 50, 51, 52, 54, 67, 68, 71, 72, 74, 76, 86, 87, 88, 89, 91, 92, 99, 101, 102, 104, 111, 112, 113, 114, 116, 117, 118, 120, 122], "excluded_lines": [], "start_line": 1, "executed_branches": [], "missing_branches": [[67, 68], [67, 74], [68, 71], [68, 74], [86, 87], [86, 91], [87, 88], [87, 91], [111, 112], [111, 116], [116, 117], [116, 120]]}}}, "src/signalsift/cli/keywords.py": {"executed_lines": [3, 4, 5, 7, 8, 15, 18, 19, 24, 25, 26, 27, 63, 64, 65, 70, 71, 86, 87, 88, 89, 102, 103], "summary": {"covered_lines": 23, "num_statements": 62, "percent_covered": 28.048780487804876, "percent_covered_display": "28", "missing_lines": 39, "excluded_lines": 0, "percent_statements_covered": 37.096774193548384, "percent_statements_covered_display": "37", "num_branches": 20, "num_partial_branches": 0, "covered_branches": 0, "missing_branches": 20, "percent_branches_covered": 0.0, "percent_branches_covered_display": "0"}, "missing_lines": [21, 29, 30, 32, 34, 35, 36, 39, 40, 41, 42, 43, 45, 46, 51, 52, 53, 55, 56, 57, 59, 60, 73, 80, 81, 91, 92, 93, 94, 96, 97, 99, 105, 115, 120, 121, 123, 124, 126], "excluded_lines": [], "executed_branches": [], "missing_branches": [[29, 30], [29, 32], [34, 35], [34, 39], [40, 41], [40, 45], [41, 42], [41, 43], [45, -24], [45, 46], [55, 56], [55, 59], [91, 92], [91, 96], [92, 93], [92, 96], [96, 97], [96, 99], [123, 124], [123, 126]], "functions": {"keywords": {"executed_lines": [], "summary": {"covered_lines": 0, "num_statements": 1, "percent_covered": 0.0, "percent_covered_display": "0", "missing_lines": 1, "excluded_lines": 0, "percent_statements_covered": 0.0, "percent_statements_covered_display": "0", "num_branches": 0, "num_partial_branches": 0, "covered_branches": 0, "missing_branches": 0, "percent_branches_covered": 100.0, "percent_branches_covered_display": "100"}, "missing_lines": [21], "excluded_lines": [], "start_line": 19, "executed_branches": [], "missing_branches": []}, "list_keywords": {"executed_lines": [], "summary": {"covered_lines": 0, "num_statements": 21, "percent_covered": 0.0, "percent_covered_display": "0", "missing_lines": 21, "excluded_lines": 0, "percent_statements_covered": 0.0, "percent_statements_covered_display": "0", "num_branches": 12, "num_partial_branches": 0, "covered_branches": 0, "missing_branches": 12, "percent_branches_covered": 0.0, "percent_branches_covered_display": "0"}, "missing_lines": [29, 30, 32, 34, 35, 36, 39, 40, 41, 42, 43, 45, 46, 51, 52, 53, 55, 56, 57, 59, 60], "excluded_lines": [], "start_line": 27, "executed_branches": [], "missing_branches": [[29, 30], [29, 32], [34, 35], [34, 39], [40, 41], [40, 45], [41, 42], [41, 43], [45, -24], [45, 46], [55, 56], [55, 59]]}, "add_keyword_cmd": {"executed_lines": [], "summary": {"covered_lines": 0, "num_statements": 3, "percent_covered": 0.0, "percent_covered_display": "0", "missing_lines": 3, "excluded_lines": 0, "percent_statements_covered": 0.0, "percent_statements_covered_display": "0", "num_branches": 0, "num_partial_branches": 0, "covered_branches": 0, "missing_branches": 0, "percent_branches_covered": 100.0, "percent_branches_covered_display": "100"}, "missing_lines": [73, 80, 81], "excluded_lines": [], "start_line": 71, "executed_branches": [], "missing_branches": []}, "remove_keyword_cmd": {"executed_lines": [], "summary": {"covered_lines": 0, "num_statements": 7, "percent_covered": 0.0, "percent_covered_display": "0", "missing_lines": 7, "excluded_lines": 0, "percent_statements_covered": 0.0, "percent_statements_covered_display": "0", "num_branches": 6, "num_partial_branches": 0, "covered_branches": 0, "missing_branches": 6, "percent_branches_covered": 0.0, "percent_branches_covered_display": "0"}, "missing_lines": [91, 92, 93, 94, 96, 97, 99], "excluded_lines": [], "start_line": 89, "executed_branches": [], "missing_branches": [[91, 92], [91, 96], [92, 93], [92, 96], [96, 97], [96, 99]]}, "list_categories": {"executed_lines": [], "summary": {"covered_lines": 0, "num_statements": 7, "percent_covered": 0.0, "percent_covered_display": "0", "missing_lines": 7, "excluded_lines": 0, "percent_statements_covered": 0.0, "percent_statements_covered_display": "0", "num_branches": 2, "num_partial_branches": 0, "covered_branches": 0, "missing_branches": 2, "percent_branches_covered": 0.0, "percent_branches_covered_display": "0"}, "missing_lines": [105, 115, 120, 121, 123, 124, 126], "excluded_lines": [], "start_line": 103, "executed_branches": [], "missing_branches": [[123, 124], [123, 126]]}, "": {"executed_lines": [3, 4, 5, 7, 8, 15, 18, 19, 24, 25, 26, 27, 63, 64, 65, 70, 71, 86, 87, 88, 89, 102, 103], "summary": {"covered_lines": 23, "num_statements": 23, "percent_covered": 100.0, "percent_covered_display": "100", "missing_lines": 0, "excluded_lines": 0, "percent_statements_covered": 100.0, "percent_statements_covered_display": "100", "num_branches": 0, "num_partial_branches": 0, "covered_branches": 0, "missing_branches": 0, "percent_branches_covered": 100.0, "percent_branches_covered_display": "100"}, "missing_lines": [], "excluded_lines": [], "start_line": 1, "executed_branches": [], "missing_branches": []}}, "classes": {"": {"executed_lines": [3, 4, 5, 7, 8, 15, 18, 19, 24, 25, 26, 27, 63, 64, 65, 70, 71, 86, 87, 88, 89, 102, 103], "summary": {"covered_lines": 23, "num_statements": 62, "percent_covered": 28.048780487804876, "percent_covered_display": "28", "missing_lines": 39, "excluded_lines": 0, "percent_statements_covered": 37.096774193548384, "percent_statements_covered_display": "37", "num_branches": 20, "num_partial_branches": 0, "covered_branches": 0, "missing_branches": 20, "percent_branches_covered": 0.0, "percent_branches_covered_display": "0"}, "missing_lines": [21, 29, 30, 32, 34, 35, 36, 39, 40, 41, 42, 43, 45, 46, 51, 52, 53, 55, 56, 57, 59, 60, 73, 80, 81, 91, 92, 93, 94, 96, 97, 99, 105, 115, 120, 121, 123, 124, 126], "excluded_lines": [], "start_line": 1, "executed_branches": [], "missing_branches": [[29, 30], [29, 32], [34, 35], [34, 39], [40, 41], [40, 45], [41, 42], [41, 43], [45, -24], [45, 46], [55, 56], [55, 59], [91, 92], [91, 96], [92, 93], [92, 96], [96, 97], [96, 99], [123, 124], [123, 126]]}}}, "src/signalsift/cli/main.py": {"executed_lines": [3, 4, 6, 7, 8, 9, 10, 11, 12, 13, 14, 16, 19, 20, 21, 22, 23, 30, 31, 34, 35, 38, 39, 40, 41, 44, 45, 46, 48, 50, 51, 54, 55, 57, 58, 60, 61, 64, 65, 66, 67, 68, 70, 76, 77, 78, 79, 80, 81, 83, 84, 85, 86, 87, 88, 90, 91, 92, 94, 98, 99, 100, 101, 102, 103, 104, 107], "summary": {"covered_lines": 67, "num_statements": 68, "percent_covered": 97.61904761904762, "percent_covered_display": "98", "missing_lines": 1, "excluded_lines": 0, "percent_statements_covered": 98.52941176470588, "percent_statements_covered_display": "99", "num_branches": 16, "num_partial_branches": 1, "covered_branches": 15, "missing_branches": 1, "percent_branches_covered": 93.75, "percent_branches_covered_display": "94"}, "missing_lines": [108], "excluded_lines": [], "executed_branches": [[38, -19], [38, 39], [50, 51], [50, 60], [51, 54], [51, 57], [76, 77], [76, 90], [84, 85], [84, 88], [86, 87], [86, 88], [91, 92], [91, 94], [107, -1]], "missing_branches": [[107, 108]], "functions": {"cli": {"executed_lines": [30, 31, 34, 35, 38, 39, 40, 41], "summary": {"covered_lines": 8, "num_statements": 8, "percent_covered": 100.0, "percent_covered_display": "100", "missing_lines": 0, "excluded_lines": 0, "percent_statements_covered": 100.0, "percent_statements_covered_display": "100", "num_branches": 2, "num_partial_branches": 0, "covered_branches": 2, "missing_branches": 0, "percent_branches_covered": 100.0, "percent_branches_covered_display": "100"}, "missing_lines": [], "excluded_lines": [], "start_line": 23, "executed_branches": [[38, -19], [38, 39]], "missing_branches": []}, "init": {"executed_lines": [48, 50, 51, 54, 55, 57, 58, 60, 61], "summary": {"covered_lines": 9, "num_statements": 9, "percent_covered": 100.0, "percent_covered_display": "100", "missing_lines": 0, "excluded_lines": 0, "percent_statements_covered": 100.0, "percent_statements_covered_display": "100", "num_branches": 4, "num_partial_branches": 0, "covered_branches": 4, "missing_branches": 0, "percent_branches_covered": 100.0, "percent_branches_covered_display": "100"}, "missing_lines": [], "excluded_lines": [], "start_line": 46, "executed_branches": [[50, 51], [50, 60], [51, 54], [51, 57]], "missing_branches": []}, "migrate": {"executed_lines": [70, 76, 77, 78, 79, 80, 81, 83, 84, 85, 86, 87, 88, 90, 91, 92, 94], "summary": {"covered_lines": 17, "num_statements": 17, "percent_covered": 100.0, "percent_covered_display": "100", "missing_lines": 0, "excluded_lines": 0, "percent_statements_covered": 100.0, "percent_statements_covered_display": "100", "num_branches": 8, "num_partial_branches": 0, "covered_branches": 8, "missing_branches": 0, "percent_branches_covered": 100.0, "percent_branches_covered_display": "100"}, "missing_lines": [], "excluded_lines": [], "start_line": 68, "executed_branches": [[76, 77], [76, 90], [84, 85], [84, 88], [86, 87], [86, 88], [91, 92], [91, 94]], "missing_branches": []}, "": {"executed_lines": [3, 4, 6, 7, 8, 9, 10, 11, 12, 13, 14, 16, 19, 20, 21, 22, 23, 44, 45, 46, 64, 65, 66, 67, 68, 98, 99, 100, 101, 102, 103, 104, 107], "summary": {"covered_lines": 33, "num_statements": 34, "percent_covered": 94.44444444444444, "percent_covered_display": "94", "missing_lines": 1, "excluded_lines": 0, "percent_statements_covered": 97.05882352941177, "percent_statements_covered_display": "97", "num_branches": 2, "num_partial_branches": 1, "covered_branches": 1, "missing_branches": 1, "percent_branches_covered": 50.0, "percent_branches_covered_display": "50"}, "missing_lines": [108], "excluded_lines": [], "start_line": 1, "executed_branches": [[107, -1]], "missing_branches": [[107, 108]]}}, "classes": {"": {"executed_lines": [3, 4, 6, 7, 8, 9, 10, 11, 12, 13, 14, 16, 19, 20, 21, 22, 23, 30, 31, 34, 35, 38, 39, 40, 41, 44, 45, 46, 48, 50, 51, 54, 55, 57, 58, 60, 61, 64, 65, 66, 67, 68, 70, 76, 77, 78, 79, 80, 81, 83, 84, 85, 86, 87, 88, 90, 91, 92, 94, 98, 99, 100, 101, 102, 103, 104, 107], "summary": {"covered_lines": 67, "num_statements": 68, "percent_covered": 97.61904761904762, "percent_covered_display": "98", "missing_lines": 1, "excluded_lines": 0, "percent_statements_covered": 98.52941176470588, "percent_statements_covered_display": "99", "num_branches": 16, "num_partial_branches": 1, "covered_branches": 15, "missing_branches": 1, "percent_branches_covered": 93.75, "percent_branches_covered_display": "94"}, "missing_lines": [108], "excluded_lines": [], "start_line": 1, "executed_branches": [[38, -19], [38, 39], [50, 51], [50, 60], [51, 54], [51, 57], [76, 77], [76, 90], [84, 85], [84, 88], [86, 87], [86, 88], [91, 92], [91, 94], [107, -1]], "missing_branches": [[107, 108]]}}}, "src/signalsift/cli/report.py": {"executed_lines": [3, 5, 6, 8, 9, 10, 12, 13, 16, 17, 23, 29, 35, 41, 46, 51, 52], "summary": {"covered_lines": 17, "num_statements": 36, "percent_covered": 42.5, "percent_covered_display": "42", "missing_lines": 19, "excluded_lines": 0, "percent_statements_covered": 47.22222222222222, "percent_statements_covered_display": "47", "num_branches": 4, "num_partial_branches": 0, "covered_branches": 0, "missing_branches": 4, "percent_branches_covered": 0.0, "percent_branches_covered_display": "0"}, "missing_lines": [62, 64, 66, 67, 69, 78, 79, 82, 84, 87, 88, 90, 91, 92, 93, 95, 96, 97, 98], "excluded_lines": [], "executed_branches": [], "missing_branches": [[78, 79], [78, 84], [87, -16], [87, 88]], "functions": {"report": {"executed_lines": [], "summary": {"covered_lines": 0, "num_statements": 19, "percent_covered": 0.0, "percent_covered_display": "0", "missing_lines": 19, "excluded_lines": 0, "percent_statements_covered": 0.0, "percent_statements_covered_display": "0", "num_branches": 4, "num_partial_branches": 0, "covered_branches": 0, "missing_branches": 4, "percent_branches_covered": 0.0, "percent_branches_covered_display": "0"}, "missing_lines": [62, 64, 66, 67, 69, 78, 79, 82, 84, 87, 88, 90, 91, 92, 93, 95, 96, 97, 98], "excluded_lines": [], "start_line": 52, "executed_branches": [], "missing_branches": [[78, 79], [78, 84], [87, -16], [87, 88]]}, "": {"executed_lines": [3, 5, 6, 8, 9, 10, 12, 13, 16, 17, 23, 29, 35, 41, 46, 51, 52], "summary": {"covered_lines": 17, "num_statements": 17, "percent_covered": 100.0, "percent_covered_display": "100", "missing_lines": 0, "excluded_lines": 0, "percent_statements_covered": 100.0, "percent_statements_covered_display": "100", "num_branches": 0, "num_partial_branches": 0, "covered_branches": 0, "missing_branches": 0, "percent_branches_covered": 100.0, "percent_branches_covered_display": "100"}, "missing_lines": [], "excluded_lines": [], "start_line": 1, "executed_branches": [], "missing_branches": []}}, "classes": {"": {"executed_lines": [3, 5, 6, 8, 9, 10, 12, 13, 16, 17, 23, 29, 35, 41, 46, 51, 52], "summary": {"covered_lines": 17, "num_statements": 36, "percent_covered": 42.5, "percent_covered_display": "42", "missing_lines": 19, "excluded_lines": 0, "percent_statements_covered": 47.22222222222222, "percent_statements_covered_display": "47", "num_branches": 4, "num_partial_branches": 0, "covered_branches": 0, "missing_branches": 4, "percent_branches_covered": 0.0, "percent_branches_covered_display": "0"}, "missing_lines": [62, 64, 66, 67, 69, 78, 79, 82, 84, 87, 88, 90, 91, 92, 93, 95, 96, 97, 98], "excluded_lines": [], "start_line": 1, "executed_branches": [], "missing_branches": [[78, 79], [78, 84], [87, -16], [87, 88]]}}}, "src/signalsift/cli/scan.py": {"executed_lines": [3, 5, 6, 7, 9, 10, 14, 15, 20, 21, 22, 23, 25, 26, 29, 30, 31, 32, 33, 37, 41, 47, 53, 54, 60, 61, 74, 75, 79, 80, 82, 83, 84, 87, 88, 89, 91, 93, 94, 98, 99, 104, 105, 106, 108, 110, 111, 115, 120, 122, 124, 126, 127, 128, 130, 131, 137, 139, 142, 143, 145, 150, 151, 152, 154, 159, 160, 162, 163, 165, 170, 172, 174, 176, 177, 192, 195, 200, 201, 202, 204, 205, 208, 209, 210, 212, 213, 214, 216, 253, 254, 255, 258, 259, 260, 261, 263, 264, 267, 280, 281, 284, 285, 286, 292], "summary": {"covered_lines": 105, "num_statements": 135, "percent_covered": 72.62569832402235, "percent_covered_display": "73", "missing_lines": 30, "excluded_lines": 0, "percent_statements_covered": 77.77777777777777, "percent_statements_covered_display": "78", "num_branches": 44, "num_partial_branches": 5, "covered_branches": 25, "missing_branches": 19, "percent_branches_covered": 56.81818181818182, "percent_branches_covered_display": "57"}, "missing_lines": [113, 132, 155, 156, 178, 180, 181, 182, 187, 189, 193, 218, 223, 225, 227, 229, 230, 231, 233, 234, 235, 240, 242, 245, 246, 248, 271, 276, 277, 278], "excluded_lines": [], "executed_branches": [[88, 89], [88, 91], [104, 105], [104, 154], [110, 111], [127, 128], [127, 142], [130, 131], [130, 137], [131, 139], [142, 143], [142, 145], [154, 159], [159, 160], [159, 204], [177, 192], [192, 195], [204, 205], [204, 208], [209, 210], [209, 258], [258, 259], [258, 284], [285, 286], [285, 292]], "missing_branches": [[110, 113], [131, 132], [154, 155], [177, 178], [180, 181], [180, 187], [181, 182], [181, 189], [192, 193], [230, 231], [230, 245], [233, 234], [233, 240], [234, 235], [234, 242], [245, 246], [245, 248], [277, 278], [277, 284]], "functions": {"scan": {"executed_lines": [74, 75, 79, 80, 82, 83, 84, 87, 88, 89, 91, 93, 94, 98, 99, 104, 105, 106, 108, 110, 111, 115, 120, 122, 124, 126, 127, 128, 130, 131, 137, 139, 142, 143, 145, 150, 151, 152, 154, 159, 160, 162, 163, 165, 170, 172, 174, 176, 177, 192, 195, 200, 201, 202, 204, 205, 208, 209, 210, 212, 213, 214, 216, 253, 254, 255, 258, 259, 260, 261, 263, 264, 267, 280, 281, 284, 285, 286, 292], "summary": {"covered_lines": 79, "num_statements": 109, "percent_covered": 67.97385620915033, "percent_covered_display": "68", "missing_lines": 30, "excluded_lines": 0, "percent_statements_covered": 72.4770642201835, "percent_statements_covered_display": "72", "num_branches": 44, "num_partial_branches": 5, "covered_branches": 25, "missing_branches": 19, "percent_branches_covered": 56.81818181818182, "percent_branches_covered_display": "57"}, "missing_lines": [113, 132, 155, 156, 178, 180, 181, 182, 187, 189, 193, 218, 223, 225, 227, 229, 230, 231, 233, 234, 235, 240, 242, 245, 246, 248, 271, 276, 277, 278], "excluded_lines": [], "start_line": 61, "executed_branches": [[88, 89], [88, 91], [104, 105], [104, 154], [110, 111], [127, 128], [127, 142], [130, 131], [130, 137], [131, 139], [142, 143], [142, 145], [154, 159], [159, 160], [159, 204], [177, 192], [192, 195], [204, 205], [204, 208], [209, 210], [209, 258], [258, 259], [258, 284], [285, 286], [285, 292]], "missing_branches": [[110, 113], [131, 132], [154, 155], [177, 178], [180, 181], [180, 187], [181, 182], [181, 189], [192, 193], [230, 231], [230, 245], [233, 234], [233, 240], [234, 235], [234, 242], [245, 246], [245, 248], [277, 278], [277, 284]]}, "": {"executed_lines": [3, 5, 6, 7, 9, 10, 14, 15, 20, 21, 22, 23, 25, 26, 29, 30, 31, 32, 33, 37, 41, 47, 53, 54, 60, 61], "summary": {"covered_lines": 26, "num_statements": 26, "percent_covered": 100.0, "percent_covered_display": "100", "missing_lines": 0, "excluded_lines": 0, "percent_statements_covered": 100.0, "percent_statements_covered_display": "100", "num_branches": 0, "num_partial_branches": 0, "covered_branches": 0, "missing_branches": 0, "percent_branches_covered": 100.0, "percent_branches_covered_display": "100"}, "missing_lines": [], "excluded_lines": [], "start_line": 1, "executed_branches": [], "missing_branches": []}}, "classes": {"": {"executed_lines": [3, 5, 6, 7, 9, 10, 14, 15, 20, 21, 22, 23, 25, 26, 29, 30, 31, 32, 33, 37, 41, 47, 53, 54, 60, 61, 74, 75, 79, 80, 82, 83, 84, 87, 88, 89, 91, 93, 94, 98, 99, 104, 105, 106, 108, 110, 111, 115, 120, 122, 124, 126, 127, 128, 130, 131, 137, 139, 142, 143, 145, 150, 151, 152, 154, 159, 160, 162, 163, 165, 170, 172, 174, 176, 177, 192, 195, 200, 201, 202, 204, 205, 208, 209, 210, 212, 213, 214, 216, 253, 254, 255, 258, 259, 260, 261, 263, 264, 267, 280, 281, 284, 285, 286, 292], "summary": {"covered_lines": 105, "num_statements": 135, "percent_covered": 72.62569832402235, "percent_covered_display": "73", "missing_lines": 30, "excluded_lines": 0, "percent_statements_covered": 77.77777777777777, "percent_statements_covered_display": "78", "num_branches": 44, "num_partial_branches": 5, "covered_branches": 25, "missing_branches": 19, "percent_branches_covered": 56.81818181818182, "percent_branches_covered_display": "57"}, "missing_lines": [113, 132, 155, 156, 178, 180, 181, 182, 187, 189, 193, 218, 223, 225, 227, 229, 230, 231, 233, 234, 235, 240, 242, 245, 246, 248, 271, 276, 277, 278], "excluded_lines": [], "start_line": 1, "executed_branches": [[88, 89], [88, 91], [104, 105], [104, 154], [110, 111], [127, 128], [127, 142], [130, 131], [130, 137], [131, 139], [142, 143], [142, 145], [154, 159], [159, 160], [159, 204], [177, 192], [192, 195], [204, 205], [204, 208], [209, 210], [209, 258], [258, 259], [258, 284], [285, 286], [285, 292]], "missing_branches": [[110, 113], [131, 132], [154, 155], [177, 178], [180, 181], [180, 187], [181, 182], [181, 189], [192, 193], [230, 231], [230, 245], [233, 234], [233, 240], [234, 235], [234, 242], [245, 246], [245, 248], [277, 278], [277, 284]]}}}, "src/signalsift/cli/sources.py": {"executed_lines": [3, 4, 5, 7, 8, 15, 18, 19, 21, 24, 25, 26, 88, 89, 90, 91, 92, 93, 118, 119, 120, 121, 127, 128, 129, 130, 136, 137, 138, 139, 140], "summary": {"covered_lines": 31, "num_statements": 79, "percent_covered": 31.31313131313131, "percent_covered_display": "31", "missing_lines": 48, "excluded_lines": 0, "percent_statements_covered": 39.24050632911393, "percent_statements_covered_display": "39", "num_branches": 20, "num_partial_branches": 0, "covered_branches": 0, "missing_branches": 20, "percent_branches_covered": 0.0, "percent_branches_covered_display": "0"}, "missing_lines": [28, 30, 31, 32, 35, 36, 37, 38, 39, 40, 41, 43, 44, 45, 50, 57, 58, 61, 62, 63, 64, 65, 66, 67, 68, 70, 71, 72, 77, 85, 100, 101, 102, 104, 106, 114, 115, 123, 124, 132, 133, 142, 143, 144, 145, 147, 148, 150], "excluded_lines": [], "executed_branches": [], "missing_branches": [[30, 31], [30, 35], [36, 37], [36, 61], [43, 44], [43, 57], [62, -24], [62, 63], [70, 71], [70, 85], [100, 101], [100, 106], [101, 102], [101, 104], [142, 143], [142, 147], [143, 144], [143, 147], [147, 148], [147, 150]], "functions": {"sources": {"executed_lines": [21], "summary": {"covered_lines": 1, "num_statements": 1, "percent_covered": 100.0, "percent_covered_display": "100", "missing_lines": 0, "excluded_lines": 0, "percent_statements_covered": 100.0, "percent_statements_covered_display": "100", "num_branches": 0, "num_partial_branches": 0, "covered_branches": 0, "missing_branches": 0, "percent_branches_covered": 100.0, "percent_branches_covered_display": "100"}, "missing_lines": [], "excluded_lines": [], "start_line": 19, "executed_branches": [], "missing_branches": []}, "list_sources": {"executed_lines": [], "summary": {"covered_lines": 0, "num_statements": 30, "percent_covered": 0.0, "percent_covered_display": "0", "missing_lines": 30, "excluded_lines": 0, "percent_statements_covered": 0.0, "percent_statements_covered_display": "0", "num_branches": 10, "num_partial_branches": 0, "covered_branches": 0, "missing_branches": 10, "percent_branches_covered": 0.0, "percent_branches_covered_display": "0"}, "missing_lines": [28, 30, 31, 32, 35, 36, 37, 38, 39, 40, 41, 43, 44, 45, 50, 57, 58, 61, 62, 63, 64, 65, 66, 67, 68, 70, 71, 72, 77, 85], "excluded_lines": [], "start_line": 26, "executed_branches": [], "missing_branches": [[30, 31], [30, 35], [36, 37], [36, 61], [43, 44], [43, 57], [62, -24], [62, 63], [70, 71], [70, 85]]}, "add_source_cmd": {"executed_lines": [], "summary": {"covered_lines": 0, "num_statements": 7, "percent_covered": 0.0, "percent_covered_display": "0", "missing_lines": 7, "excluded_lines": 0, "percent_statements_covered": 0.0, "percent_statements_covered_display": "0", "num_branches": 4, "num_partial_branches": 0, "covered_branches": 0, "missing_branches": 4, "percent_branches_covered": 0.0, "percent_branches_covered_display": "0"}, "missing_lines": [100, 101, 102, 104, 106, 114, 115], "excluded_lines": [], "start_line": 93, "executed_branches": [], "missing_branches": [[100, 101], [100, 106], [101, 102], [101, 104]]}, "enable_source": {"executed_lines": [], "summary": {"covered_lines": 0, "num_statements": 2, "percent_covered": 0.0, "percent_covered_display": "0", "missing_lines": 2, "excluded_lines": 0, "percent_statements_covered": 0.0, "percent_statements_covered_display": "0", "num_branches": 0, "num_partial_branches": 0, "covered_branches": 0, "missing_branches": 0, "percent_branches_covered": 100.0, "percent_branches_covered_display": "100"}, "missing_lines": [123, 124], "excluded_lines": [], "start_line": 121, "executed_branches": [], "missing_branches": []}, "disable_source": {"executed_lines": [], "summary": {"covered_lines": 0, "num_statements": 2, "percent_covered": 0.0, "percent_covered_display": "0", "missing_lines": 2, "excluded_lines": 0, "percent_statements_covered": 0.0, "percent_statements_covered_display": "0", "num_branches": 0, "num_partial_branches": 0, "covered_branches": 0, "missing_branches": 0, "percent_branches_covered": 100.0, "percent_branches_covered_display": "100"}, "missing_lines": [132, 133], "excluded_lines": [], "start_line": 130, "executed_branches": [], "missing_branches": []}, "remove_source_cmd": {"executed_lines": [], "summary": {"covered_lines": 0, "num_statements": 7, "percent_covered": 0.0, "percent_covered_display": "0", "missing_lines": 7, "excluded_lines": 0, "percent_statements_covered": 0.0, "percent_statements_covered_display": "0", "num_branches": 6, "num_partial_branches": 0, "covered_branches": 0, "missing_branches": 6, "percent_branches_covered": 0.0, "percent_branches_covered_display": "0"}, "missing_lines": [142, 143, 144, 145, 147, 148, 150], "excluded_lines": [], "start_line": 140, "executed_branches": [], "missing_branches": [[142, 143], [142, 147], [143, 144], [143, 147], [147, 148], [147, 150]]}, "": {"executed_lines": [3, 4, 5, 7, 8, 15, 18, 19, 24, 25, 26, 88, 89, 90, 91, 92, 93, 118, 119, 120, 121, 127, 128, 129, 130, 136, 137, 138, 139, 140], "summary": {"covered_lines": 30, "num_statements": 30, "percent_covered": 100.0, "percent_covered_display": "100", "missing_lines": 0, "excluded_lines": 0, "percent_statements_covered": 100.0, "percent_statements_covered_display": "100", "num_branches": 0, "num_partial_branches": 0, "covered_branches": 0, "missing_branches": 0, "percent_branches_covered": 100.0, "percent_branches_covered_display": "100"}, "missing_lines": [], "excluded_lines": [], "start_line": 1, "executed_branches": [], "missing_branches": []}}, "classes": {"": {"executed_lines": [3, 4, 5, 7, 8, 15, 18, 19, 21, 24, 25, 26, 88, 89, 90, 91, 92, 93, 118, 119, 120, 121, 127, 128, 129, 130, 136, 137, 138, 139, 140], "summary": {"covered_lines": 31, "num_statements": 79, "percent_covered": 31.31313131313131, "percent_covered_display": "31", "missing_lines": 48, "excluded_lines": 0, "percent_statements_covered": 39.24050632911393, "percent_statements_covered_display": "39", "num_branches": 20, "num_partial_branches": 0, "covered_branches": 0, "missing_branches": 20, "percent_branches_covered": 0.0, "percent_branches_covered_display": "0"}, "missing_lines": [28, 30, 31, 32, 35, 36, 37, 38, 39, 40, 41, 43, 44, 45, 50, 57, 58, 61, 62, 63, 64, 65, 66, 67, 68, 70, 71, 72, 77, 85, 100, 101, 102, 104, 106, 114, 115, 123, 124, 132, 133, 142, 143, 144, 145, 147, 148, 150], "excluded_lines": [], "start_line": 1, "executed_branches": [], "missing_branches": [[30, 31], [30, 35], [36, 37], [36, 61], [43, 44], [43, 57], [62, -24], [62, 63], [70, 71], [70, 85], [100, 101], [100, 106], [101, 102], [101, 104], [142, 143], [142, 147], [143, 144], [143, 147], [147, 148], [147, 150]]}}}, "src/signalsift/cli/status.py": {"executed_lines": [3, 4, 5, 6, 8, 9, 11, 14, 15, 16, 18, 20, 21, 22, 25, 26, 27, 30, 31, 33, 34, 35, 38, 39, 40, 42, 43, 44, 51, 52, 55, 56, 57, 59, 60, 61, 68, 69, 72, 73, 74, 75, 77, 82, 88, 89, 92, 93, 94, 99, 102, 103, 105, 106, 108, 110, 111, 113, 115], "summary": {"covered_lines": 59, "num_statements": 59, "percent_covered": 100.0, "percent_covered_display": "100", "missing_lines": 0, "excluded_lines": 0, "percent_statements_covered": 100.0, "percent_statements_covered_display": "100", "num_branches": 6, "num_partial_branches": 0, "covered_branches": 6, "missing_branches": 0, "percent_branches_covered": 100.0, "percent_branches_covered_display": "100"}, "missing_lines": [], "excluded_lines": [], "executed_branches": [[93, 94], [93, 99], [105, 106], [105, 108], [110, 111], [110, 113]], "missing_branches": [], "functions": {"status": {"executed_lines": [18, 20, 21, 22, 25, 26, 27, 30, 31, 33, 34, 35, 38, 39, 40, 42, 43, 44, 51, 52, 55, 56, 57, 59, 60, 61, 68, 69, 72, 73, 74, 75, 77, 82, 88, 89, 92, 93, 94, 99, 102, 103, 105, 106, 108, 110, 111, 113, 115], "summary": {"covered_lines": 49, "num_statements": 49, "percent_covered": 100.0, "percent_covered_display": "100", "missing_lines": 0, "excluded_lines": 0, "percent_statements_covered": 100.0, "percent_statements_covered_display": "100", "num_branches": 6, "num_partial_branches": 0, "covered_branches": 6, "missing_branches": 0, "percent_branches_covered": 100.0, "percent_branches_covered_display": "100"}, "missing_lines": [], "excluded_lines": [], "start_line": 16, "executed_branches": [[93, 94], [93, 99], [105, 106], [105, 108], [110, 111], [110, 113]], "missing_branches": []}, "": {"executed_lines": [3, 4, 5, 6, 8, 9, 11, 14, 15, 16], "summary": {"covered_lines": 10, "num_statements": 10, "percent_covered": 100.0, "percent_covered_display": "100", "missing_lines": 0, "excluded_lines": 0, "percent_statements_covered": 100.0, "percent_statements_covered_display": "100", "num_branches": 0, "num_partial_branches": 0, "covered_branches": 0, "missing_branches": 0, "percent_branches_covered": 100.0, "percent_branches_covered_display": "100"}, "missing_lines": [], "excluded_lines": [], "start_line": 1, "executed_branches": [], "missing_branches": []}}, "classes": {"": {"executed_lines": [3, 4, 5, 6, 8, 9, 11, 14, 15, 16, 18, 20, 21, 22, 25, 26, 27, 30, 31, 33, 34, 35, 38, 39, 40, 42, 43, 44, 51, 52, 55, 56, 57, 59, 60, 61, 68, 69, 72, 73, 74, 75, 77, 82, 88, 89, 92, 93, 94, 99, 102, 103, 105, 106, 108, 110, 111, 113, 115], "summary": {"covered_lines": 59, "num_statements": 59, "percent_covered": 100.0, "percent_covered_display": "100", "missing_lines": 0, "excluded_lines": 0, "percent_statements_covered": 100.0, "percent_statements_covered_display": "100", "num_branches": 6, "num_partial_branches": 0, "covered_branches": 6, "missing_branches": 0, "percent_branches_covered": 100.0, "percent_branches_covered_display": "100"}, "missing_lines": [], "excluded_lines": [], "start_line": 1, "executed_branches": [[93, 94], [93, 99], [105, 106], [105, 108], [110, 111], [110, 113]], "missing_branches": []}}}, "src/signalsift/config/__init__.py": {"executed_lines": [3, 5], "summary": {"covered_lines": 2, "num_statements": 2, "percent_covered": 100.0, "percent_covered_display": "100", "missing_lines": 0, "excluded_lines": 0, "percent_statements_covered": 100.0, "percent_statements_covered_display": "100", "num_branches": 0, "num_partial_branches": 0, "covered_branches": 0, "missing_branches": 0, "percent_branches_covered": 100.0, "percent_branches_covered_display": "100"}, "missing_lines": [], "excluded_lines": [], "executed_branches": [], "missing_branches": [], "functions": {"": {"executed_lines": [3, 5], "summary": {"covered_lines": 2, "num_statements": 2, "percent_covered": 100.0, "percent_covered_display": "100", "missing_lines": 0, "excluded_lines": 0, "percent_statements_covered": 100.0, "percent_statements_covered_display": "100", "num_branches": 0, "num_partial_branches": 0, "covered_branches": 0, "missing_branches": 0, "percent_branches_covered": 100.0, "percent_branches_covered_display": "100"}, "missing_lines": [], "excluded_lines": [], "start_line": 1, "executed_branches": [], "missing_branches": []}}, "classes": {"": {"executed_lines": [3, 5], "summary": {"covered_lines": 2, "num_statements": 2, "percent_covered": 100.0, "percent_covered_display": "100", "missing_lines": 0, "excluded_lines": 0, "percent_statements_covered": 100.0, "percent_statements_covered_display": "100", "num_branches": 0, "num_partial_branches": 0, "covered_branches": 0, "missing_branches": 0, "percent_branches_covered": 100.0, "percent_branches_covered_display": "100"}, "missing_lines": [], "excluded_lines": [], "start_line": 1, "executed_branches": [], "missing_branches": []}}}, "src/signalsift/config/defaults.py": {"executed_lines": [3, 6, 7, 8, 9, 12, 15, 16, 17, 18, 19, 20, 23, 24, 25, 26, 27, 28, 31, 34, 35, 38, 39, 40, 49, 87, 106], "summary": {"covered_lines": 27, "num_statements": 27, "percent_covered": 100.0, "percent_covered_display": "100", "missing_lines": 0, "excluded_lines": 0, "percent_statements_covered": 100.0, "percent_statements_covered_display": "100", "num_branches": 0, "num_partial_branches": 0, "covered_branches": 0, "missing_branches": 0, "percent_branches_covered": 100.0, "percent_branches_covered_display": "100"}, "missing_lines": [], "excluded_lines": [], "executed_branches": [], "missing_branches": [], "functions": {"": {"executed_lines": [3, 6, 7, 8, 9, 12, 15, 16, 17, 18, 19, 20, 23, 24, 25, 26, 27, 28, 31, 34, 35, 38, 39, 40, 49, 87, 106], "summary": {"covered_lines": 27, "num_statements": 27, "percent_covered": 100.0, "percent_covered_display": "100", "missing_lines": 0, "excluded_lines": 0, "percent_statements_covered": 100.0, "percent_statements_covered_display": "100", "num_branches": 0, "num_partial_branches": 0, "covered_branches": 0, "missing_branches": 0, "percent_branches_covered": 100.0, "percent_branches_covered_display": "100"}, "missing_lines": [], "excluded_lines": [], "start_line": 1, "executed_branches": [], "missing_branches": []}}, "classes": {"": {"executed_lines": [3, 6, 7, 8, 9, 12, 15, 16, 17, 18, 19, 20, 23, 24, 25, 26, 27, 28, 31, 34, 35, 38, 39, 40, 49, 87, 106], "summary": {"covered_lines": 27, "num_statements": 27, "percent_covered": 100.0, "percent_covered_display": "100", "missing_lines": 0, "excluded_lines": 0, "percent_statements_covered": 100.0, "percent_statements_covered_display": "100", "num_branches": 0, "num_partial_branches": 0, "covered_branches": 0, "missing_branches": 0, "percent_branches_covered": 100.0, "percent_branches_covered_display": "100"}, "missing_lines": [], "excluded_lines": [], "start_line": 1, "executed_branches": [], "missing_branches": []}}}, "src/signalsift/config/settings.py": {"executed_lines": [3, 4, 5, 7, 8, 10, 35, 38, 41, 44, 45, 46, 47, 48, 49, 50, 51, 52, 53, 55, 56, 57, 59, 60, 61, 62, 63, 66, 69, 70, 71, 72, 73, 74, 75, 76, 77, 80, 83, 84, 85, 86, 89, 92, 93, 96, 99, 100, 101, 102, 103, 106, 109, 110, 111, 112, 114, 115, 116, 118, 119, 120, 121, 122, 125, 128, 137, 138, 139, 140, 141, 142, 145, 146, 147, 149, 151, 152, 153, 154, 155, 156, 158, 160, 161, 162, 164, 166, 168, 170, 173, 174, 176, 177, 178], "summary": {"covered_lines": 95, "num_statements": 95, "percent_covered": 100.0, "percent_covered_display": "100", "missing_lines": 0, "excluded_lines": 0, "percent_statements_covered": 100.0, "percent_statements_covered_display": "100", "num_branches": 10, "num_partial_branches": 0, "covered_branches": 10, "missing_branches": 0, "percent_branches_covered": 100.0, "percent_branches_covered_display": "100"}, "missing_lines": [], "excluded_lines": [], "executed_branches": [[61, 62], [61, 63], [120, 121], [120, 122], [151, 152], [151, 153], [153, 154], [153, 155], [155, -149], [155, 156]], "missing_branches": [], "functions": {"RedditSettings.validate_mode": {"executed_lines": [59, 60, 61, 62, 63], "summary": {"covered_lines": 5, "num_statements": 5, "percent_covered": 100.0, "percent_covered_display": "100", "missing_lines": 0, "excluded_lines": 0, "percent_statements_covered": 100.0, "percent_statements_covered_display": "100", "num_branches": 2, "num_partial_branches": 0, "covered_branches": 2, "missing_branches": 0, "percent_branches_covered": 100.0, "percent_branches_covered_display": "100"}, "missing_lines": [], "excluded_lines": [], "start_line": 57, "executed_branches": [[61, 62], [61, 63]], "missing_branches": []}, "LoggingSettings.validate_level": {"executed_lines": [118, 119, 120, 121, 122], "summary": {"covered_lines": 5, "num_statements": 5, "percent_covered": 100.0, "percent_covered_display": "100", "missing_lines": 0, "excluded_lines": 0, "percent_statements_covered": 100.0, "percent_statements_covered_display": "100", "num_branches": 2, "num_partial_branches": 0, "covered_branches": 2, "missing_branches": 0, "percent_branches_covered": 100.0, "percent_branches_covered_display": "100"}, "missing_lines": [], "excluded_lines": [], "start_line": 116, "executed_branches": [[120, 121], [120, 122]], "missing_branches": []}, "Settings.model_post_init": {"executed_lines": [151, 152, 153, 154, 155, 156], "summary": {"covered_lines": 6, "num_statements": 6, "percent_covered": 100.0, "percent_covered_display": "100", "missing_lines": 0, "excluded_lines": 0, "percent_statements_covered": 100.0, "percent_statements_covered_display": "100", "num_branches": 6, "num_partial_branches": 0, "covered_branches": 6, "missing_branches": 0, "percent_branches_covered": 100.0, "percent_branches_covered_display": "100"}, "missing_lines": [], "excluded_lines": [], "start_line": 149, "executed_branches": [[151, 152], [151, 153], [153, 154], [153, 155], [155, -149], [155, 156]], "missing_branches": []}, "Settings.ensure_directories": {"executed_lines": [160, 161, 162], "summary": {"covered_lines": 3, "num_statements": 3, "percent_covered": 100.0, "percent_covered_display": "100", "missing_lines": 0, "excluded_lines": 0, "percent_statements_covered": 100.0, "percent_statements_covered_display": "100", "num_branches": 0, "num_partial_branches": 0, "covered_branches": 0, "missing_branches": 0, "percent_branches_covered": 100.0, "percent_branches_covered_display": "100"}, "missing_lines": [], "excluded_lines": [], "start_line": 158, "executed_branches": [], "missing_branches": []}, "Settings.has_reddit_credentials": {"executed_lines": [166], "summary": {"covered_lines": 1, "num_statements": 1, "percent_covered": 100.0, "percent_covered_display": "100", "missing_lines": 0, "excluded_lines": 0, "percent_statements_covered": 100.0, "percent_statements_covered_display": "100", "num_branches": 0, "num_partial_branches": 0, "covered_branches": 0, "missing_branches": 0, "percent_branches_covered": 100.0, "percent_branches_covered_display": "100"}, "missing_lines": [], "excluded_lines": [], "start_line": 164, "executed_branches": [], "missing_branches": []}, "Settings.has_youtube_credentials": {"executed_lines": [170], "summary": {"covered_lines": 1, "num_statements": 1, "percent_covered": 100.0, "percent_covered_display": "100", "missing_lines": 0, "excluded_lines": 0, "percent_statements_covered": 100.0, "percent_statements_covered_display": "100", "num_branches": 0, "num_partial_branches": 0, "covered_branches": 0, "missing_branches": 0, "percent_branches_covered": 100.0, "percent_branches_covered_display": "100"}, "missing_lines": [], "excluded_lines": [], "start_line": 168, "executed_branches": [], "missing_branches": []}, "get_settings": {"executed_lines": [176, 177, 178], "summary": {"covered_lines": 3, "num_statements": 3, "percent_covered": 100.0, "percent_covered_display": "100", "missing_lines": 0, "excluded_lines": 0, "percent_statements_covered": 100.0, "percent_statements_covered_display": "100", "num_branches": 0, "num_partial_branches": 0, "covered_branches": 0, "missing_branches": 0, "percent_branches_covered": 100.0, "percent_branches_covered_display": "100"}, "missing_lines": [], "excluded_lines": [], "start_line": 174, "executed_branches": [], "missing_branches": []}, "": {"executed_lines": [3, 4, 5, 7, 8, 10, 35, 38, 41, 44, 45, 46, 47, 48, 49, 50, 51, 52, 53, 55, 56, 57, 66, 69, 70, 71, 72, 73, 74, 75, 76, 77, 80, 83, 84, 85, 86, 89, 92, 93, 96, 99, 100, 101, 102, 103, 106, 109, 110, 111, 112, 114, 115, 116, 125, 128, 137, 138, 139, 140, 141, 142, 145, 146, 147, 149, 158, 164, 168, 173, 174], "summary": {"covered_lines": 71, "num_statements": 71, "percent_covered": 100.0, "percent_covered_display": "100", "missing_lines": 0, "excluded_lines": 0, "percent_statements_covered": 100.0, "percent_statements_covered_display": "100", "num_branches": 0, "num_partial_branches": 0, "covered_branches": 0, "missing_branches": 0, "percent_branches_covered": 100.0, "percent_branches_covered_display": "100"}, "missing_lines": [], "excluded_lines": [], "start_line": 1, "executed_branches": [], "missing_branches": []}}, "classes": {"DatabaseSettings": {"executed_lines": [], "summary": {"covered_lines": 0, "num_statements": 0, "percent_covered": 100.0, "percent_covered_display": "100", "missing_lines": 0, "excluded_lines": 0, "percent_statements_covered": 100.0, "percent_statements_covered_display": "100", "num_branches": 0, "num_partial_branches": 0, "covered_branches": 0, "missing_branches": 0, "percent_branches_covered": 100.0, "percent_branches_covered_display": "100"}, "missing_lines": [], "excluded_lines": [], "start_line": 35, "executed_branches": [], "missing_branches": []}, "RedditSettings": {"executed_lines": [59, 60, 61, 62, 63], "summary": {"covered_lines": 5, "num_statements": 5, "percent_covered": 100.0, "percent_covered_display": "100", "missing_lines": 0, "excluded_lines": 0, "percent_statements_covered": 100.0, "percent_statements_covered_display": "100", "num_branches": 2, "num_partial_branches": 0, "covered_branches": 2, "missing_branches": 0, "percent_branches_covered": 100.0, "percent_branches_covered_display": "100"}, "missing_lines": [], "excluded_lines": [], "start_line": 41, "executed_branches": [[61, 62], [61, 63]], "missing_branches": []}, "YouTubeSettings": {"executed_lines": [], "summary": {"covered_lines": 0, "num_statements": 0, "percent_covered": 100.0, "percent_covered_display": "100", "missing_lines": 0, "excluded_lines": 0, "percent_statements_covered": 100.0, "percent_statements_covered_display": "100", "num_branches": 0, "num_partial_branches": 0, "covered_branches": 0, "missing_branches": 0, "percent_branches_covered": 100.0, "percent_branches_covered_display": "100"}, "missing_lines": [], "excluded_lines": [], "start_line": 66, "executed_branches": [], "missing_branches": []}, "ScoringWeights": {"executed_lines": [], "summary": {"covered_lines": 0, "num_statements": 0, "percent_covered": 100.0, "percent_covered_display": "100", "missing_lines": 0, "excluded_lines": 0, "percent_statements_covered": 100.0, "percent_statements_covered_display": "100", "num_branches": 0, "num_partial_branches": 0, "covered_branches": 0, "missing_branches": 0, "percent_branches_covered": 100.0, "percent_branches_covered_display": "100"}, "missing_lines": [], "excluded_lines": [], "start_line": 80, "executed_branches": [], "missing_branches": []}, "ScoringSettings": {"executed_lines": [], "summary": {"covered_lines": 0, "num_statements": 0, "percent_covered": 100.0, "percent_covered_display": "100", "missing_lines": 0, "excluded_lines": 0, "percent_statements_covered": 100.0, "percent_statements_covered_display": "100", "num_branches": 0, "num_partial_branches": 0, "covered_branches": 0, "missing_branches": 0, "percent_branches_covered": 100.0, "percent_branches_covered_display": "100"}, "missing_lines": [], "excluded_lines": [], "start_line": 89, "executed_branches": [], "missing_branches": []}, "ReportSettings": {"executed_lines": [], "summary": {"covered_lines": 0, "num_statements": 0, "percent_covered": 100.0, "percent_covered_display": "100", "missing_lines": 0, "excluded_lines": 0, "percent_statements_covered": 100.0, "percent_statements_covered_display": "100", "num_branches": 0, "num_partial_branches": 0, "covered_branches": 0, "missing_branches": 0, "percent_branches_covered": 100.0, "percent_branches_covered_display": "100"}, "missing_lines": [], "excluded_lines": [], "start_line": 96, "executed_branches": [], "missing_branches": []}, "LoggingSettings": {"executed_lines": [118, 119, 120, 121, 122], "summary": {"covered_lines": 5, "num_statements": 5, "percent_covered": 100.0, "percent_covered_display": "100", "missing_lines": 0, "excluded_lines": 0, "percent_statements_covered": 100.0, "percent_statements_covered_display": "100", "num_branches": 2, "num_partial_branches": 0, "covered_branches": 2, "missing_branches": 0, "percent_branches_covered": 100.0, "percent_branches_covered_display": "100"}, "missing_lines": [], "excluded_lines": [], "start_line": 106, "executed_branches": [[120, 121], [120, 122]], "missing_branches": []}, "Settings": {"executed_lines": [151, 152, 153, 154, 155, 156, 160, 161, 162, 166, 170], "summary": {"covered_lines": 11, "num_statements": 11, "percent_covered": 100.0, "percent_covered_display": "100", "missing_lines": 0, "excluded_lines": 0, "percent_statements_covered": 100.0, "percent_statements_covered_display": "100", "num_branches": 6, "num_partial_branches": 0, "covered_branches": 6, "missing_branches": 0, "percent_branches_covered": 100.0, "percent_branches_covered_display": "100"}, "missing_lines": [], "excluded_lines": [], "start_line": 125, "executed_branches": [[151, 152], [151, 153], [153, 154], [153, 155], [155, -149], [155, 156]], "missing_branches": []}, "": {"executed_lines": [3, 4, 5, 7, 8, 10, 35, 38, 41, 44, 45, 46, 47, 48, 49, 50, 51, 52, 53, 55, 56, 57, 66, 69, 70, 71, 72, 73, 74, 75, 76, 77, 80, 83, 84, 85, 86, 89, 92, 93, 96, 99, 100, 101, 102, 103, 106, 109, 110, 111, 112, 114, 115, 116, 125, 128, 137, 138, 139, 140, 141, 142, 145, 146, 147, 149, 158, 164, 168, 173, 174, 176, 177, 178], "summary": {"covered_lines": 74, "num_statements": 74, "percent_covered": 100.0, "percent_covered_display": "100", "missing_lines": 0, "excluded_lines": 0, "percent_statements_covered": 100.0, "percent_statements_covered_display": "100", "num_branches": 0, "num_partial_branches": 0, "covered_branches": 0, "missing_branches": 0, "percent_branches_covered": 100.0, "percent_branches_covered_display": "100"}, "missing_lines": [], "excluded_lines": [], "start_line": 1, "executed_branches": [], "missing_branches": []}}}, "src/signalsift/database/__init__.py": {"executed_lines": [3, 4, 12, 24], "summary": {"covered_lines": 4, "num_statements": 4, "percent_covered": 100.0, "percent_covered_display": "100", "missing_lines": 0, "excluded_lines": 0, "percent_statements_covered": 100.0, "percent_statements_covered_display": "100", "num_branches": 0, "num_partial_branches": 0, "covered_branches": 0, "missing_branches": 0, "percent_branches_covered": 100.0, "percent_branches_covered_display": "100"}, "missing_lines": [], "excluded_lines": [], "executed_branches": [], "missing_branches": [], "functions": {"": {"executed_lines": [3, 4, 12, 24], "summary": {"covered_lines": 4, "num_statements": 4, "percent_covered": 100.0, "percent_covered_display": "100", "missing_lines": 0, "excluded_lines": 0, "percent_statements_covered": 100.0, "percent_statements_covered_display": "100", "num_branches": 0, "num_partial_branches": 0, "covered_branches": 0, "missing_branches": 0, "percent_branches_covered": 100.0, "percent_branches_covered_display": "100"}, "missing_lines": [], "excluded_lines": [], "start_line": 1, "executed_branches": [], "missing_branches": []}}, "classes": {"": {"executed_lines": [3, 4, 12, 24], "summary": {"covered_lines": 4, "num_statements": 4, "percent_covered": 100.0, "percent_covered_display": "100", "missing_lines": 0, "excluded_lines": 0, "percent_statements_covered": 100.0, "percent_statements_covered_display": "100", "num_branches": 0, "num_partial_branches": 0, "covered_branches": 0, "missing_branches": 0, "percent_branches_covered": 100.0, "percent_branches_covered_display": "100"}, "missing_lines": [], "excluded_lines": [], "start_line": 1, "executed_branches": [], "missing_branches": []}}}, "src/signalsift/database/connection.py": {"executed_lines": [3, 4, 5, 6, 8, 9, 14, 15, 18, 20, 23, 24, 33, 34, 36, 37, 39, 40, 41, 42, 43, 44, 46, 49, 56, 58, 60, 61, 62, 65, 67, 70, 73, 74, 75, 84, 85, 94, 98, 121, 122, 124, 125, 134, 136, 137, 138, 139, 142, 144], "summary": {"covered_lines": 50, "num_statements": 50, "percent_covered": 100.0, "percent_covered_display": "100", "missing_lines": 0, "excluded_lines": 0, "percent_statements_covered": 100.0, "percent_statements_covered_display": "100", "num_branches": 14, "num_partial_branches": 0, "covered_branches": 14, "missing_branches": 0, "percent_branches_covered": 100.0, "percent_branches_covered_display": "100"}, "missing_lines": [], "excluded_lines": [], "executed_branches": [[60, 61], [60, 65], [73, 74], [73, 84], [74, 73], [74, 75], [84, -70], [84, 85], [121, -94], [121, 122], [124, 121], [124, 125], [137, 138], [137, 139]], "missing_branches": [], "functions": {"get_db_path": {"executed_lines": [20], "summary": {"covered_lines": 1, "num_statements": 1, "percent_covered": 100.0, "percent_covered_display": "100", "missing_lines": 0, "excluded_lines": 0, "percent_statements_covered": 100.0, "percent_statements_covered_display": "100", "num_branches": 0, "num_partial_branches": 0, "covered_branches": 0, "missing_branches": 0, "percent_branches_covered": 100.0, "percent_branches_covered_display": "100"}, "missing_lines": [], "excluded_lines": [], "start_line": 18, "executed_branches": [], "missing_branches": []}, "get_connection": {"executed_lines": [33, 34, 36, 37, 39, 40, 41, 42, 43, 44, 46], "summary": {"covered_lines": 11, "num_statements": 11, "percent_covered": 100.0, "percent_covered_display": "100", "missing_lines": 0, "excluded_lines": 0, "percent_statements_covered": 100.0, "percent_statements_covered_display": "100", "num_branches": 0, "num_partial_branches": 0, "covered_branches": 0, "missing_branches": 0, "percent_branches_covered": 100.0, "percent_branches_covered_display": "100"}, "missing_lines": [], "excluded_lines": [], "start_line": 24, "executed_branches": [], "missing_branches": []}, "initialize_database": {"executed_lines": [56, 58, 60, 61, 62, 65, 67], "summary": {"covered_lines": 7, "num_statements": 7, "percent_covered": 100.0, "percent_covered_display": "100", "missing_lines": 0, "excluded_lines": 0, "percent_statements_covered": 100.0, "percent_statements_covered_display": "100", "num_branches": 2, "num_partial_branches": 0, "covered_branches": 2, "missing_branches": 0, "percent_branches_covered": 100.0, "percent_branches_covered_display": "100"}, "missing_lines": [], "excluded_lines": [], "start_line": 49, "executed_branches": [[60, 61], [60, 65]], "missing_branches": []}, "_populate_default_sources": {"executed_lines": [73, 74, 75, 84, 85], "summary": {"covered_lines": 5, "num_statements": 5, "percent_covered": 100.0, "percent_covered_display": "100", "missing_lines": 0, "excluded_lines": 0, "percent_statements_covered": 100.0, "percent_statements_covered_display": "100", "num_branches": 6, "num_partial_branches": 0, "covered_branches": 6, "missing_branches": 0, "percent_branches_covered": 100.0, "percent_branches_covered_display": "100"}, "missing_lines": [], "excluded_lines": [], "start_line": 70, "executed_branches": [[73, 74], [73, 84], [74, 73], [74, 75], [84, -70], [84, 85]], "missing_branches": []}, "_populate_default_keywords": {"executed_lines": [98, 121, 122, 124, 125], "summary": {"covered_lines": 5, "num_statements": 5, "percent_covered": 100.0, "percent_covered_display": "100", "missing_lines": 0, "excluded_lines": 0, "percent_statements_covered": 100.0, "percent_statements_covered_display": "100", "num_branches": 4, "num_partial_branches": 0, "covered_branches": 4, "missing_branches": 0, "percent_branches_covered": 100.0, "percent_branches_covered_display": "100"}, "missing_lines": [], "excluded_lines": [], "start_line": 94, "executed_branches": [[121, -94], [121, 122], [124, 121], [124, 125]], "missing_branches": []}, "reset_database": {"executed_lines": [136, 137, 138, 139], "summary": {"covered_lines": 4, "num_statements": 4, "percent_covered": 100.0, "percent_covered_display": "100", "missing_lines": 0, "excluded_lines": 0, "percent_statements_covered": 100.0, "percent_statements_covered_display": "100", "num_branches": 2, "num_partial_branches": 0, "covered_branches": 2, "missing_branches": 0, "percent_branches_covered": 100.0, "percent_branches_covered_display": "100"}, "missing_lines": [], "excluded_lines": [], "start_line": 134, "executed_branches": [[137, 138], [137, 139]], "missing_branches": []}, "database_exists": {"executed_lines": [144], "summary": {"covered_lines": 1, "num_statements": 1, "percent_covered": 100.0, "percent_covered_display": "100", "missing_lines": 0, "excluded_lines": 0, "percent_statements_covered": 100.0, "percent_statements_covered_display": "100", "num_branches": 0, "num_partial_branches": 0, "covered_branches": 0, "missing_branches": 0, "percent_branches_covered": 100.0, "percent_branches_covered_display": "100"}, "missing_lines": [], "excluded_lines": [], "start_line": 142, "executed_branches": [], "missing_branches": []}, "": {"executed_lines": [3, 4, 5, 6, 8, 9, 14, 15, 18, 23, 24, 49, 70, 94, 134, 142], "summary": {"covered_lines": 16, "num_statements": 16, "percent_covered": 100.0, "percent_covered_display": "100", "missing_lines": 0, "excluded_lines": 0, "percent_statements_covered": 100.0, "percent_statements_covered_display": "100", "num_branches": 0, "num_partial_branches": 0, "covered_branches": 0, "missing_branches": 0, "percent_branches_covered": 100.0, "percent_branches_covered_display": "100"}, "missing_lines": [], "excluded_lines": [], "start_line": 1, "executed_branches": [], "missing_branches": []}}, "classes": {"": {"executed_lines": [3, 4, 5, 6, 8, 9, 14, 15, 18, 20, 23, 24, 33, 34, 36, 37, 39, 40, 41, 42, 43, 44, 46, 49, 56, 58, 60, 61, 62, 65, 67, 70, 73, 74, 75, 84, 85, 94, 98, 121, 122, 124, 125, 134, 136, 137, 138, 139, 142, 144], "summary": {"covered_lines": 50, "num_statements": 50, "percent_covered": 100.0, "percent_covered_display": "100", "missing_lines": 0, "excluded_lines": 0, "percent_statements_covered": 100.0, "percent_statements_covered_display": "100", "num_branches": 14, "num_partial_branches": 0, "covered_branches": 14, "missing_branches": 0, "percent_branches_covered": 100.0, "percent_branches_covered_display": "100"}, "missing_lines": [], "excluded_lines": [], "start_line": 1, "executed_branches": [[60, 61], [60, 65], [73, 74], [73, 84], [74, 73], [74, 75], [84, -70], [84, 85], [121, -94], [121, 122], [124, 121], [124, 125], [137, 138], [137, 139]], "missing_branches": []}}}, "src/signalsift/database/migrations.py": {"executed_lines": [7, 9, 10, 11, 12, 14, 15, 17, 20, 21, 24, 25, 26, 27, 31, 34, 44, 45, 46, 48, 51, 60, 66, 74, 81, 99, 143, 153, 175, 176, 187, 188, 201, 202], "summary": {"covered_lines": 34, "num_statements": 91, "percent_covered": 33.00970873786408, "percent_covered_display": "33", "missing_lines": 57, "excluded_lines": 0, "percent_statements_covered": 37.362637362637365, "percent_statements_covered_display": "37", "num_branches": 12, "num_partial_branches": 0, "covered_branches": 0, "missing_branches": 12, "percent_branches_covered": 0.0, "percent_branches_covered_display": "0"}, "missing_lines": [62, 63, 68, 69, 70, 71, 76, 77, 78, 83, 85, 86, 87, 91, 92, 93, 94, 95, 96, 110, 112, 113, 115, 117, 118, 119, 121, 122, 123, 125, 126, 127, 129, 130, 132, 133, 135, 136, 138, 140, 145, 147, 148, 150, 155, 157, 158, 159, 161, 184, 190, 193, 196, 205, 209, 215, 219], "excluded_lines": [], "executed_branches": [], "missing_branches": [[112, 113], [112, 115], [122, 123], [122, 125], [125, 126], [125, 135], [126, 127], [126, 129], [129, 130], [129, 132], [135, 136], [135, 138]], "functions": {"migration": {"executed_lines": [44, 48], "summary": {"covered_lines": 2, "num_statements": 2, "percent_covered": 100.0, "percent_covered_display": "100", "missing_lines": 0, "excluded_lines": 0, "percent_statements_covered": 100.0, "percent_statements_covered_display": "100", "num_branches": 0, "num_partial_branches": 0, "covered_branches": 0, "missing_branches": 0, "percent_branches_covered": 100.0, "percent_branches_covered_display": "100"}, "missing_lines": [], "excluded_lines": [], "start_line": 34, "executed_branches": [], "missing_branches": []}, "migration.decorator": {"executed_lines": [45, 46], "summary": {"covered_lines": 2, "num_statements": 2, "percent_covered": 100.0, "percent_covered_display": "100", "missing_lines": 0, "excluded_lines": 0, "percent_statements_covered": 100.0, "percent_statements_covered_display": "100", "num_branches": 0, "num_partial_branches": 0, "covered_branches": 0, "missing_branches": 0, "percent_branches_covered": 100.0, "percent_branches_covered_display": "100"}, "missing_lines": [], "excluded_lines": [], "start_line": 44, "executed_branches": [], "missing_branches": []}, "ensure_migrations_table": {"executed_lines": [], "summary": {"covered_lines": 0, "num_statements": 2, "percent_covered": 0.0, "percent_covered_display": "0", "missing_lines": 2, "excluded_lines": 0, "percent_statements_covered": 0.0, "percent_statements_covered_display": "0", "num_branches": 0, "num_partial_branches": 0, "covered_branches": 0, "missing_branches": 0, "percent_branches_covered": 100.0, "percent_branches_covered_display": "100"}, "missing_lines": [62, 63], "excluded_lines": [], "start_line": 60, "executed_branches": [], "missing_branches": []}, "get_current_version": {"executed_lines": [], "summary": {"covered_lines": 0, "num_statements": 4, "percent_covered": 0.0, "percent_covered_display": "0", "missing_lines": 4, "excluded_lines": 0, "percent_statements_covered": 0.0, "percent_statements_covered_display": "0", "num_branches": 0, "num_partial_branches": 0, "covered_branches": 0, "missing_branches": 0, "percent_branches_covered": 100.0, "percent_branches_covered_display": "100"}, "missing_lines": [68, 69, 70, 71], "excluded_lines": [], "start_line": 66, "executed_branches": [], "missing_branches": []}, "get_applied_migrations": {"executed_lines": [], "summary": {"covered_lines": 0, "num_statements": 3, "percent_covered": 0.0, "percent_covered_display": "0", "missing_lines": 3, "excluded_lines": 0, "percent_statements_covered": 0.0, "percent_statements_covered_display": "0", "num_branches": 0, "num_partial_branches": 0, "covered_branches": 0, "missing_branches": 0, "percent_branches_covered": 100.0, "percent_branches_covered_display": "100"}, "missing_lines": [76, 77, 78], "excluded_lines": [], "start_line": 74, "executed_branches": [], "missing_branches": []}, "apply_migration": {"executed_lines": [], "summary": {"covered_lines": 0, "num_statements": 10, "percent_covered": 0.0, "percent_covered_display": "0", "missing_lines": 10, "excluded_lines": 0, "percent_statements_covered": 0.0, "percent_statements_covered_display": "0", "num_branches": 0, "num_partial_branches": 0, "covered_branches": 0, "missing_branches": 0, "percent_branches_covered": 100.0, "percent_branches_covered_display": "100"}, "missing_lines": [83, 85, 86, 87, 91, 92, 93, 94, 95, 96], "excluded_lines": [], "start_line": 81, "executed_branches": [], "missing_branches": []}, "migrate": {"executed_lines": [], "summary": {"covered_lines": 0, "num_statements": 21, "percent_covered": 0.0, "percent_covered_display": "0", "missing_lines": 21, "excluded_lines": 0, "percent_statements_covered": 0.0, "percent_statements_covered_display": "0", "num_branches": 12, "num_partial_branches": 0, "covered_branches": 0, "missing_branches": 12, "percent_branches_covered": 0.0, "percent_branches_covered_display": "0"}, "missing_lines": [110, 112, 113, 115, 117, 118, 119, 121, 122, 123, 125, 126, 127, 129, 130, 132, 133, 135, 136, 138, 140], "excluded_lines": [], "start_line": 99, "executed_branches": [], "missing_branches": [[112, 113], [112, 115], [122, 123], [122, 125], [125, 126], [125, 135], [126, 127], [126, 129], [129, 130], [129, 132], [135, 136], [135, 138]]}, "get_pending_migrations": {"executed_lines": [], "summary": {"covered_lines": 0, "num_statements": 4, "percent_covered": 0.0, "percent_covered_display": "0", "missing_lines": 4, "excluded_lines": 0, "percent_statements_covered": 0.0, "percent_statements_covered_display": "0", "num_branches": 0, "num_partial_branches": 0, "covered_branches": 0, "missing_branches": 0, "percent_branches_covered": 100.0, "percent_branches_covered_display": "100"}, "missing_lines": [145, 147, 148, 150], "excluded_lines": [], "start_line": 143, "executed_branches": [], "missing_branches": []}, "migration_status": {"executed_lines": [], "summary": {"covered_lines": 0, "num_statements": 5, "percent_covered": 0.0, "percent_covered_display": "0", "missing_lines": 5, "excluded_lines": 0, "percent_statements_covered": 0.0, "percent_statements_covered_display": "0", "num_branches": 0, "num_partial_branches": 0, "covered_branches": 0, "missing_branches": 0, "percent_branches_covered": 100.0, "percent_branches_covered_display": "100"}, "missing_lines": [155, 157, 158, 159, 161], "excluded_lines": [], "start_line": 153, "executed_branches": [], "missing_branches": []}, "migrate_v1": {"executed_lines": [], "summary": {"covered_lines": 0, "num_statements": 1, "percent_covered": 0.0, "percent_covered_display": "0", "missing_lines": 1, "excluded_lines": 0, "percent_statements_covered": 0.0, "percent_statements_covered_display": "0", "num_branches": 0, "num_partial_branches": 0, "covered_branches": 0, "missing_branches": 0, "percent_branches_covered": 100.0, "percent_branches_covered_display": "100"}, "missing_lines": [184], "excluded_lines": [], "start_line": 176, "executed_branches": [], "missing_branches": []}, "migrate_v2": {"executed_lines": [], "summary": {"covered_lines": 0, "num_statements": 3, "percent_covered": 0.0, "percent_covered_display": "0", "missing_lines": 3, "excluded_lines": 0, "percent_statements_covered": 0.0, "percent_statements_covered_display": "0", "num_branches": 0, "num_partial_branches": 0, "covered_branches": 0, "missing_branches": 0, "percent_branches_covered": 100.0, "percent_branches_covered_display": "100"}, "missing_lines": [190, 193, 196], "excluded_lines": [], "start_line": 188, "executed_branches": [], "missing_branches": []}, "migrate_v3": {"executed_lines": [], "summary": {"covered_lines": 0, "num_statements": 4, "percent_covered": 0.0, "percent_covered_display": "0", "missing_lines": 4, "excluded_lines": 0, "percent_statements_covered": 0.0, "percent_statements_covered_display": "0", "num_branches": 0, "num_partial_branches": 0, "covered_branches": 0, "missing_branches": 0, "percent_branches_covered": 100.0, "percent_branches_covered_display": "100"}, "missing_lines": [205, 209, 215, 219], "excluded_lines": [], "start_line": 202, "executed_branches": [], "missing_branches": []}, "": {"executed_lines": [7, 9, 10, 11, 12, 14, 15, 17, 20, 21, 24, 25, 26, 27, 31, 34, 51, 60, 66, 74, 81, 99, 143, 153, 175, 176, 187, 188, 201, 202], "summary": {"covered_lines": 30, "num_statements": 30, "percent_covered": 100.0, "percent_covered_display": "100", "missing_lines": 0, "excluded_lines": 0, "percent_statements_covered": 100.0, "percent_statements_covered_display": "100", "num_branches": 0, "num_partial_branches": 0, "covered_branches": 0, "missing_branches": 0, "percent_branches_covered": 100.0, "percent_branches_covered_display": "100"}, "missing_lines": [], "excluded_lines": [], "start_line": 1, "executed_branches": [], "missing_branches": []}}, "classes": {"Migration": {"executed_lines": [], "summary": {"covered_lines": 0, "num_statements": 0, "percent_covered": 100.0, "percent_covered_display": "100", "missing_lines": 0, "excluded_lines": 0, "percent_statements_covered": 100.0, "percent_statements_covered_display": "100", "num_branches": 0, "num_partial_branches": 0, "covered_branches": 0, "missing_branches": 0, "percent_branches_covered": 100.0, "percent_branches_covered_display": "100"}, "missing_lines": [], "excluded_lines": [], "start_line": 21, "executed_branches": [], "missing_branches": []}, "": {"executed_lines": [7, 9, 10, 11, 12, 14, 15, 17, 20, 21, 24, 25, 26, 27, 31, 34, 44, 45, 46, 48, 51, 60, 66, 74, 81, 99, 143, 153, 175, 176, 187, 188, 201, 202], "summary": {"covered_lines": 34, "num_statements": 91, "percent_covered": 33.00970873786408, "percent_covered_display": "33", "missing_lines": 57, "excluded_lines": 0, "percent_statements_covered": 37.362637362637365, "percent_statements_covered_display": "37", "num_branches": 12, "num_partial_branches": 0, "covered_branches": 0, "missing_branches": 12, "percent_branches_covered": 0.0, "percent_branches_covered_display": "0"}, "missing_lines": [62, 63, 68, 69, 70, 71, 76, 77, 78, 83, 85, 86, 87, 91, 92, 93, 94, 95, 96, 110, 112, 113, 115, 117, 118, 119, 121, 122, 123, 125, 126, 127, 129, 130, 132, 133, 135, 136, 138, 140, 145, 147, 148, 150, 155, 157, 158, 159, 161, 184, 190, 193, 196, 205, 209, 215, 219], "excluded_lines": [], "start_line": 1, "executed_branches": [], "missing_branches": [[112, 113], [112, 115], [122, 123], [122, 125], [125, 126], [125, 135], [126, 127], [126, 129], [129, 130], [129, 132], [135, 136], [135, 138]]}}}, "src/signalsift/database/models.py": {"executed_lines": [3, 4, 5, 7, 10, 13, 14, 15, 16, 17, 18, 19, 20, 21, 22, 23, 24, 25, 26, 27, 28, 29, 31, 32, 33, 35, 36, 37, 38, 39, 40, 42, 44, 64, 65, 67, 69, 70, 72, 75, 78, 79, 80, 81, 82, 83, 84, 85, 86, 87, 88, 89, 90, 91, 92, 93, 94, 95, 96, 98, 99, 100, 102, 103, 104, 107, 109, 111, 133, 134, 138, 139, 141, 142, 143, 144, 145, 146, 147, 150, 153, 154, 155, 156, 157, 158, 159, 160, 162, 163, 165, 168, 171, 172, 173, 174, 175, 178, 181, 182, 183, 184, 185, 186, 187, 189, 190, 192, 195, 198, 199, 200, 201, 202, 203, 206, 209, 210, 211, 212, 213, 214, 215, 216, 217, 218, 219, 220, 221, 222, 223, 224, 225, 227, 228, 229, 231, 232, 233, 236, 238, 240, 260, 261, 263, 265, 266, 268, 269], "summary": {"covered_lines": 149, "num_statements": 154, "percent_covered": 96.95121951219512, "percent_covered_display": "97", "missing_lines": 5, "excluded_lines": 0, "percent_statements_covered": 96.75324675324676, "percent_statements_covered_display": "97", "num_branches": 10, "num_partial_branches": 0, "covered_branches": 10, "missing_branches": 0, "percent_branches_covered": 100.0, "percent_branches_covered_display": "100"}, "missing_lines": [105, 106, 136, 234, 235], "excluded_lines": [], "executed_branches": [[35, 36], [35, 40], [102, 103], [102, 107], [141, 142], [141, 143], [145, 146], [145, 147], [231, 232], [231, 236]], "missing_branches": [], "functions": {"RedditThread.parse_keywords": {"executed_lines": [35, 36, 37, 38, 39, 40], "summary": {"covered_lines": 6, "num_statements": 6, "percent_covered": 100.0, "percent_covered_display": "100", "missing_lines": 0, "excluded_lines": 0, "percent_statements_covered": 100.0, "percent_statements_covered_display": "100", "num_branches": 2, "num_partial_branches": 0, "covered_branches": 2, "missing_branches": 0, "percent_branches_covered": 100.0, "percent_branches_covered_display": "100"}, "missing_lines": [], "excluded_lines": [], "start_line": 33, "executed_branches": [[35, 36], [35, 40]], "missing_branches": []}, "RedditThread.to_db_dict": {"executed_lines": [44], "summary": {"covered_lines": 1, "num_statements": 1, "percent_covered": 100.0, "percent_covered_display": "100", "missing_lines": 0, "excluded_lines": 0, "percent_statements_covered": 100.0, "percent_statements_covered_display": "100", "num_branches": 0, "num_partial_branches": 0, "covered_branches": 0, "missing_branches": 0, "percent_branches_covered": 100.0, "percent_branches_covered_display": "100"}, "missing_lines": [], "excluded_lines": [], "start_line": 42, "executed_branches": [], "missing_branches": []}, "RedditThread.created_datetime": {"executed_lines": [67], "summary": {"covered_lines": 1, "num_statements": 1, "percent_covered": 100.0, "percent_covered_display": "100", "missing_lines": 0, "excluded_lines": 0, "percent_statements_covered": 100.0, "percent_statements_covered_display": "100", "num_branches": 0, "num_partial_branches": 0, "covered_branches": 0, "missing_branches": 0, "percent_branches_covered": 100.0, "percent_branches_covered_display": "100"}, "missing_lines": [], "excluded_lines": [], "start_line": 65, "executed_branches": [], "missing_branches": []}, "RedditThread.permalink": {"executed_lines": [72], "summary": {"covered_lines": 1, "num_statements": 1, "percent_covered": 100.0, "percent_covered_display": "100", "missing_lines": 0, "excluded_lines": 0, "percent_statements_covered": 100.0, "percent_statements_covered_display": "100", "num_branches": 0, "num_partial_branches": 0, "covered_branches": 0, "missing_branches": 0, "percent_branches_covered": 100.0, "percent_branches_covered_display": "100"}, "missing_lines": [], "excluded_lines": [], "start_line": 70, "executed_branches": [], "missing_branches": []}, "YouTubeVideo.parse_keywords": {"executed_lines": [102, 103, 104, 107], "summary": {"covered_lines": 4, "num_statements": 6, "percent_covered": 75.0, "percent_covered_display": "75", "missing_lines": 2, "excluded_lines": 0, "percent_statements_covered": 66.66666666666667, "percent_statements_covered_display": "67", "num_branches": 2, "num_partial_branches": 0, "covered_branches": 2, "missing_branches": 0, "percent_branches_covered": 100.0, "percent_branches_covered_display": "100"}, "missing_lines": [105, 106], "excluded_lines": [], "start_line": 100, "executed_branches": [[102, 103], [102, 107]], "missing_branches": []}, "YouTubeVideo.to_db_dict": {"executed_lines": [111], "summary": {"covered_lines": 1, "num_statements": 1, "percent_covered": 100.0, "percent_covered_display": "100", "missing_lines": 0, "excluded_lines": 0, "percent_statements_covered": 100.0, "percent_statements_covered_display": "100", "num_branches": 0, "num_partial_branches": 0, "covered_branches": 0, "missing_branches": 0, "percent_branches_covered": 100.0, "percent_branches_covered_display": "100"}, "missing_lines": [], "excluded_lines": [], "start_line": 109, "executed_branches": [], "missing_branches": []}, "YouTubeVideo.published_datetime": {"executed_lines": [], "summary": {"covered_lines": 0, "num_statements": 1, "percent_covered": 0.0, "percent_covered_display": "0", "missing_lines": 1, "excluded_lines": 0, "percent_statements_covered": 0.0, "percent_statements_covered_display": "0", "num_branches": 0, "num_partial_branches": 0, "covered_branches": 0, "missing_branches": 0, "percent_branches_covered": 100.0, "percent_branches_covered_display": "10
[...]
"summary": {"covered_lines": 53, "num_statements": 53, "percent_covered": 100.0, "percent_covered_display": "100", "missing_lines": 0, "excluded_lines": 0, "percent_statements_covered": 100.0, "percent_statements_covered_display": "100", "num_branches": 26, "num_partial_branches": 0, "covered_branches": 26, "missing_branches": 0, "percent_branches_covered": 100.0, "percent_branches_covered_display": "100"}, "missing_lines": [], "excluded_lines": [], "start_line": 1, "executed_branches": [[16, 17], [16, 18], [18, 19], [18, 20], [61, 62], [61, 64], [67, 68], [67, 69], [84, 85], [84, 87], [87, 88], [87, 90], [103, 104], [103, 107], [104, 105], [104, 106], [126, 127], [126, 128], [128, 129], [128, 131], [131, 132], [131, 134], [134, 135], [134, 137], [137, 138], [137, 141]], "missing_branches": []}}}, "src/signalsift/utils/logging.py": {"executed_lines": [3, 4, 5, 6, 8, 11, 12, 15, 32, 33, 36, 37, 38, 40, 43, 44, 47, 48, 49, 50, 51, 54, 59, 60, 64, 65, 67, 70, 80, 81, 82, 84, 87, 89, 92, 94, 95, 97, 98, 99], "summary": {"covered_lines": 40, "num_statements": 40, "percent_covered": 100.0, "percent_covered_display": "100", "missing_lines": 0, "excluded_lines": 0, "percent_statements_covered": 100.0, "percent_statements_covered_display": "100", "num_branches": 12, "num_partial_branches": 0, "covered_branches": 12, "missing_branches": 0, "percent_branches_covered": 100.0, "percent_branches_covered_display": "100"}, "missing_lines": [], "excluded_lines": [], "executed_branches": [[32, 33], [32, 36], [36, 37], [36, 40], [80, 81], [80, 89], [81, 82], [81, 84], [97, -92], [97, 98], [98, 97], [98, 99]], "missing_branches": [], "functions": {"setup_logging": {"executed_lines": [32, 33, 36, 37, 38, 40, 43, 44, 47, 48, 49, 50, 51, 54, 59, 60, 64, 65, 67], "summary": {"covered_lines": 19, "num_statements": 19, "percent_covered": 100.0, "percent_covered_display": "100", "missing_lines": 0, "excluded_lines": 0, "percent_statements_covered": 100.0, "percent_statements_covered_display": "100", "num_branches": 4, "num_partial_branches": 0, "covered_branches": 4, "missing_branches": 0, "percent_branches_covered": 100.0, "percent_branches_covered_display": "100"}, "missing_lines": [], "excluded_lines": [], "start_line": 15, "executed_branches": [[32, 33], [32, 36], [36, 37], [36, 40]], "missing_branches": []}, "get_logger": {"executed_lines": [80, 81, 82, 84, 87, 89], "summary": {"covered_lines": 6, "num_statements": 6, "percent_covered": 100.0, "percent_covered_display": "100", "missing_lines": 0, "excluded_lines": 0, "percent_statements_covered": 100.0, "percent_statements_covered_display": "100", "num_branches": 4, "num_partial_branches": 0, "covered_branches": 4, "missing_branches": 0, "percent_branches_covered": 100.0, "percent_branches_covered_display": "100"}, "missing_lines": [], "excluded_lines": [], "start_line": 70, "executed_branches": [[80, 81], [80, 89], [81, 82], [81, 84]], "missing_branches": []}, "set_log_level": {"executed_lines": [94, 95, 97, 98, 99], "summary": {"covered_lines": 5, "num_statements": 5, "percent_covered": 100.0, "percent_covered_display": "100", "missing_lines": 0, "excluded_lines": 0, "percent_statements_covered": 100.0, "percent_statements_covered_display": "100", "num_branches": 4, "num_partial_branches": 0, "covered_branches": 4, "missing_branches": 0, "percent_branches_covered": 100.0, "percent_branches_covered_display": "100"}, "missing_lines": [], "excluded_lines": [], "start_line": 92, "executed_branches": [[97, -92], [97, 98], [98, 97], [98, 99]], "missing_branches": []}, "": {"executed_lines": [3, 4, 5, 6, 8, 11, 12, 15, 70, 92], "summary": {"covered_lines": 10, "num_statements": 10, "percent_covered": 100.0, "percent_covered_display": "100", "missing_lines": 0, "excluded_lines": 0, "percent_statements_covered": 100.0, "percent_statements_covered_display": "100", "num_branches": 0, "num_partial_branches": 0, "covered_branches": 0, "missing_branches": 0, "percent_branches_covered": 100.0, "percent_branches_covered_display": "100"}, "missing_lines": [], "excluded_lines": [], "start_line": 1, "executed_branches": [], "missing_branches": []}}, "classes": {"": {"executed_lines": [3, 4, 5, 6, 8, 11, 12, 15, 32, 33, 36, 37, 38, 40, 43, 44, 47, 48, 49, 50, 51, 54, 59, 60, 64, 65, 67, 70, 80, 81, 82, 84, 87, 89, 92, 94, 95, 97, 98, 99], "summary": {"covered_lines": 40, "num_statements": 40, "percent_covered": 100.0, "percent_covered_display": "100", "missing_lines": 0, "excluded_lines": 0, "percent_statements_covered": 100.0, "percent_statements_covered_display": "100", "num_branches": 12, "num_partial_branches": 0, "covered_branches": 12, "missing_branches": 0, "percent_branches_covered": 100.0, "percent_branches_covered_display": "100"}, "missing_lines": [], "excluded_lines": [], "start_line": 1, "executed_branches": [[32, 33], [32, 36], [36, 37], [36, 40], [80, 81], [80, 89], [81, 82], [81, 84], [97, -92], [97, 98], [98, 97], [98, 99]], "missing_branches": []}}}, "src/signalsift/utils/retry.py": {"executed_lines": [3, 5, 6, 7, 8, 9, 11, 13, 15, 17, 18, 21, 22, 23, 24, 27, 30, 31, 34, 35, 36, 37, 38, 39, 42, 44, 46, 47, 48, 49, 50, 51, 54, 68, 69, 71, 73, 74, 76, 79, 98, 101, 102, 103, 104, 106, 107, 108, 109, 110, 113, 117, 118, 119, 123, 125, 128, 135, 137, 140, 163, 166, 169, 171, 172, 173, 176, 177, 178, 181, 182, 183, 184, 188, 192, 193, 198, 200, 201, 203, 204, 205, 209, 221, 227, 233], "summary": {"covered_lines": 86, "num_statements": 102, "percent_covered": 78.26086956521739, "percent_covered_display": "78", "missing_lines": 16, "excluded_lines": 0, "percent_statements_covered": 84.31372549019608, "percent_statements_covered_display": "84", "num_branches": 36, "num_partial_branches": 8, "covered_branches": 22, "missing_branches": 14, "percent_branches_covered": 61.111111111111114, "percent_branches_covered_display": "61"}, "missing_lines": [99, 114, 115, 131, 132, 133, 164, 167, 185, 186, 196, 211, 212, 215, 216, 217], "excluded_lines": [], "executed_branches": [[46, 47], [46, 48], [48, 49], [48, 50], [50, -44], [50, 51], [71, 73], [71, 76], [98, 101], [106, 107], [113, 117], [117, 118], [117, 125], [163, 166], [166, 169], [171, 172], [176, 177], [176, 198], [177, 178], [182, 183], [182, 188], [203, 204]], "missing_branches": [[98, 99], [106, 131], [113, 114], [114, 115], [114, 117], [131, 132], [131, 133], [163, 164], [166, 167], [171, 215], [177, 196], [203, 211], [215, 216], [215, 217]], "functions": {"RetryConfig.__post_init__": {"executed_lines": [46, 47, 48, 49, 50, 51], "summary": {"covered_lines": 6, "num_statements": 6, "percent_covered": 100.0, "percent_covered_display": "100", "missing_lines": 0, "excluded_lines": 0, "percent_statements_covered": 100.0, "percent_statements_covered_display": "100", "num_branches": 6, "num_partial_branches": 0, "covered_branches": 6, "missing_branches": 0, "percent_branches_covered": 100.0, "percent_branches_covered_display": "100"}, "missing_lines": [], "excluded_lines": [], "start_line": 44, "executed_branches": [[46, 47], [46, 48], [48, 49], [48, 50], [50, -44], [50, 51]], "missing_branches": []}, "calculate_backoff_delay": {"executed_lines": [68, 69, 71, 73, 74, 76], "summary": {"covered_lines": 6, "num_statements": 6, "percent_covered": 100.0, "percent_covered_display": "100", "missing_lines": 0, "excluded_lines": 0, "percent_statements_covered": 100.0, "percent_statements_covered_display": "100", "num_branches": 2, "num_partial_branches": 0, "covered_branches": 2, "missing_branches": 0, "percent_branches_covered": 100.0, "percent_branches_covered_display": "100"}, "missing_lines": [], "excluded_lines": [], "start_line": 54, "executed_branches": [[71, 73], [71, 76]], "missing_branches": []}, "with_retry": {"executed_lines": [98, 101, 102, 137], "summary": {"covered_lines": 4, "num_statements": 5, "percent_covered": 71.42857142857143, "percent_covered_display": "71", "missing_lines": 1, "excluded_lines": 0, "percent_statements_covered": 80.0, "percent_statements_covered_display": "80", "num_branches": 2, "num_partial_branches": 1, "covered_branches": 1, "missing_branches": 1, "percent_branches_covered": 50.0, "percent_branches_covered_display": "50"}, "missing_lines": [99], "excluded_lines": [], "start_line": 79, "executed_branches": [[98, 101]], "missing_branches": [[98, 99]]}, "with_retry.decorator": {"executed_lines": [103, 135], "summary": {"covered_lines": 2, "num_statements": 2, "percent_covered": 100.0, "percent_covered_display": "100", "missing_lines": 0, "excluded_lines": 0, "percent_statements_covered": 100.0, "percent_statements_covered_display": "100", "num_branches": 0, "num_partial_branches": 0, "covered_branches": 0, "missing_branches": 0, "percent_branches_covered": 100.0, "percent_branches_covered_display": "100"}, "missing_lines": [], "excluded_lines": [], "start_line": 101, "executed_branches": [], "missing_branches": []}, "with_retry.decorator.wrapper": {"executed_lines": [104, 106, 107, 108, 109, 110, 113, 117, 118, 119, 123, 125, 128], "summary": {"covered_lines": 13, "num_statements": 18, "percent_covered": 60.714285714285715, "percent_covered_display": "61", "missing_lines": 5, "excluded_lines": 0, "percent_statements_covered": 72.22222222222223, "percent_statements_covered_display": "72", "num_branches": 10, "num_partial_branches": 2, "covered_branches": 4, "missing_branches": 6, "percent_branches_covered": 40.0, "percent_branches_covered_display": "40"}, "missing_lines": [114, 115, 131, 132, 133], "excluded_lines": [], "start_line": 103, "executed_branches": [[106, 107], [113, 117], [117, 118], [117, 125]], "missing_branches": [[106, 131], [113, 114], [114, 115], [114, 117], [131, 132], [131, 133]]}, "retry_request": {"executed_lines": [163, 166, 169, 171, 172, 173, 176, 177, 178, 181, 182, 183, 184, 188, 192, 193, 198, 200, 201, 203, 204, 205, 209], "summary": {"covered_lines": 23, "num_statements": 33, "percent_covered": 65.3061224489796, "percent_covered_display": "65", "missing_lines": 10, "excluded_lines": 0, "percent_statements_covered": 69.6969696969697, "percent_statements_covered_display": "70", "num_branches": 16, "num_partial_branches": 5, "covered_branches": 9, "missing_branches": 7, "percent_branches_covered": 56.25, "percent_branches_covered_display": "56"}, "missing_lines": [164, 167, 185, 186, 196, 211, 212, 215, 216, 217], "excluded_lines": [], "start_line": 140, "executed_branches": [[163, 166], [166, 169], [171, 172], [176, 177], [176, 198], [177, 178], [182, 183], [182, 188], [203, 204]], "missing_branches": [[163, 164], [166, 167], [171, 215], [177, 196], [203, 211], [215, 216], [215, 217]]}, "": {"executed_lines": [3, 5, 6, 7, 8, 9, 11, 13, 15, 17, 18, 21, 22, 23, 24, 27, 30, 31, 34, 35, 36, 37, 38, 39, 42, 44, 54, 79, 140, 221, 227, 233], "summary": {"covered_lines": 32, "num_statements": 32, "percent_covered": 100.0, "percent_covered_display": "100", "missing_lines": 0, "excluded_lines": 0, "percent_statements_covered": 100.0, "percent_statements_covered_display": "100", "num_branches": 0, "num_partial_branches": 0, "covered_branches": 0, "missing_branches": 0, "percent_branches_covered": 100.0, "percent_branches_covered_display": "100"}, "missing_lines": [], "excluded_lines": [], "start_line": 1, "executed_branches": [], "missing_branches": []}}, "classes": {"RetryConfig": {"executed_lines": [46, 47, 48, 49, 50, 51], "summary": {"covered_lines": 6, "num_statements": 6, "percent_covered": 100.0, "percent_covered_display": "100", "missing_lines": 0, "excluded_lines": 0, "percent_statements_covered": 100.0, "percent_statements_covered_display": "100", "num_branches": 6, "num_partial_branches": 0, "covered_branches": 6, "missing_branches": 0, "percent_branches_covered": 100.0, "percent_branches_covered_display": "100"}, "missing_lines": [], "excluded_lines": [], "start_line": 31, "executed_branches": [[46, 47], [46, 48], [48, 49], [48, 50], [50, -44], [50, 51]], "missing_branches": []}, "": {"executed_lines": [3, 5, 6, 7, 8, 9, 11, 13, 15, 17, 18, 21, 22, 23, 24, 27, 30, 31, 34, 35, 36, 37, 38, 39, 42, 44, 54, 68, 69, 71, 73, 74, 76, 79, 98, 101, 102, 103, 104, 106, 107, 108, 109, 110, 113, 117, 118, 119, 123, 125, 128, 135, 137, 140, 163, 166, 169, 171, 172, 173, 176, 177, 178, 181, 182, 183, 184, 188, 192, 193, 198, 200, 201, 203, 204, 205, 209, 221, 227, 233], "summary": {"covered_lines": 80, "num_statements": 96, "percent_covered": 76.19047619047619, "percent_covered_display": "76", "missing_lines": 16, "excluded_lines": 0, "percent_statements_covered": 83.33333333333333, "percent_statements_covered_display": "83", "num_branches": 30, "num_partial_branches": 8, "covered_branches": 16, "missing_branches": 14, "percent_branches_covered": 53.333333333333336, "percent_branches_covered_display": "53"}, "missing_lines": [99, 114, 115, 131, 132, 133, 164, 167, 185, 186, 196, 211, 212, 215, 216, 217], "excluded_lines": [], "start_line": 1, "executed_branches": [[71, 73], [71, 76], [98, 101], [106, 107], [113, 117], [117, 118], [117, 125], [163, 166], [166, 169], [171, 172], [176, 177], [176, 198], [177, 178], [182, 183], [182, 188], [203, 204]], "missing_branches": [[98, 99], [106, 131], [113, 114], [114, 115], [114, 117], [131, 132], [131, 133], [163, 164], [166, 167], [171, 215], [177, 196], [203, 211], [215, 216], [215, 217]]}}}, "src/signalsift/utils/text.py": {"executed_lines": [3, 4, 5, 8, 18, 19, 22, 25, 28, 30, 33, 44, 45, 47, 49, 50, 52, 54, 55, 56, 57, 59, 60, 61, 63, 66, 76, 79, 89, 90, 92, 93, 94, 95, 96, 97, 98, 99, 100, 101, 102, 104, 107, 117, 127, 128, 129, 130, 132, 135, 145, 146, 147], "summary": {"covered_lines": 53, "num_statements": 53, "percent_covered": 100.0, "percent_covered_display": "100", "missing_lines": 0, "excluded_lines": 0, "percent_statements_covered": 100.0, "percent_statements_covered_display": "100", "num_branches": 18, "num_partial_branches": 0, "covered_branches": 18, "missing_branches": 0, "percent_branches_covered": 100.0, "percent_branches_covered_display": "100"}, "missing_lines": [], "excluded_lines": [], "executed_branches": [[18, 19], [18, 22], [44, 45], [44, 47], [49, 50], [49, 52], [54, 55], [54, 59], [56, 54], [56, 57], [60, 61], [60, 63], [89, 90], [89, 92], [128, 129], [128, 132], [129, 128], [129, 130]], "missing_branches": [], "functions": {"clean_text": {"executed_lines": [18, 19, 22, 25, 28, 30], "summary": {"covered_lines": 6, "num_statements": 6, "percent_covered": 100.0, "percent_covered_display": "100", "missing_lines": 0, "excluded_lines": 0, "percent_statements_covered": 100.0, "percent_statements_covered_display": "100", "num_branches": 2, "num_partial_branches": 0, "covered_branches": 2, "missing_branches": 0, "percent_branches_covered": 100.0, "percent_branches_covered_display": "100"}, "missing_lines": [], "excluded_lines": [], "start_line": 8, "executed_branches": [[18, 19], [18, 22]], "missing_branches": []}, "extract_excerpt": {"executed_lines": [44, 45, 47, 49, 50, 52, 54, 55, 56, 57, 59, 60, 61, 63], "summary": {"covered_lines": 14, "num_statements": 14, "percent_covered": 100.0, "percent_covered_display": "100", "missing_lines": 0, "excluded_lines": 0, "percent_statements_covered": 100.0, "percent_statements_covered_display": "100", "num_branches": 10, "num_partial_branches": 0, "covered_branches": 10, "missing_branches": 0, "percent_branches_covered": 100.0, "percent_branches_covered_display": "100"}, "missing_lines": [], "excluded_lines": [], "start_line": 33, "executed_branches": [[44, 45], [44, 47], [49, 50], [49, 52], [54, 55], [54, 59], [56, 54], [56, 57], [60, 61], [60, 63]], "missing_branches": []}, "hash_content": {"executed_lines": [76], "summary": {"covered_lines": 1, "num_statements": 1, "percent_covered": 100.0, "percent_covered_display": "100", "missing_lines": 0, "excluded_lines": 0, "percent_statements_covered": 100.0, "percent_statements_covered_display": "100", "num_branches": 0, "num_partial_branches": 0, "covered_branches": 0, "missing_branches": 0, "percent_branches_covered": 100.0, "percent_branches_covered_display": "100"}, "missing_lines": [], "excluded_lines": [], "start_line": 66, "executed_branches": [], "missing_branches": []}, "strip_markdown": {"executed_lines": [89, 90, 92, 93, 94, 95, 96, 97, 98, 99, 100, 101, 102, 104], "summary": {"covered_lines": 14, "num_statements": 14, "percent_covered": 100.0, "percent_covered_display": "100", "missing_lines": 0, "excluded_lines": 0, "percent_statements_covered": 100.0, "percent_statements_covered_display": "100", "num_branches": 2, "num_partial_branches": 0, "covered_branches": 2, "missing_branches": 0, "percent_branches_covered": 100.0, "percent_branches_covered_display": "100"}, "missing_lines": [], "excluded_lines": [], "start_line": 79, "executed_branches": [[89, 90], [89, 92]], "missing_branches": []}, "contains_metrics": {"executed_lines": [117, 127, 128, 129, 130, 132], "summary": {"covered_lines": 6, "num_statements": 6, "percent_covered": 100.0, "percent_covered_display": "100", "missing_lines": 0, "excluded_lines": 0, "percent_statements_covered": 100.0, "percent_statements_covered_display": "100", "num_branches": 4, "num_partial_branches": 0, "covered_branches": 4, "missing_branches": 0, "percent_branches_covered": 100.0, "percent_branches_covered_display": "100"}, "missing_lines": [], "excluded_lines": [], "start_line": 107, "executed_branches": [[128, 129], [128, 132], [129, 128], [129, 130]], "missing_branches": []}, "normalize_keyword": {"executed_lines": [145, 146, 147], "summary": {"covered_lines": 3, "num_statements": 3, "percent_covered": 100.0, "percent_covered_display": "100", "missing_lines": 0, "excluded_lines": 0, "percent_statements_covered": 100.0, "percent_statements_covered_display": "100", "num_branches": 0, "num_partial_branches": 0, "covered_branches": 0, "missing_branches": 0, "percent_branches_covered": 100.0, "percent_branches_covered_display": "100"}, "missing_lines": [], "excluded_lines": [], "start_line": 135, "executed_branches": [], "missing_branches": []}, "": {"executed_lines": [3, 4, 5, 8, 33, 66, 79, 107, 135], "summary": {"covered_lines": 9, "num_statements": 9, "percent_covered": 100.0, "percent_covered_display": "100", "missing_lines": 0, "excluded_lines": 0, "percent_statements_covered": 100.0, "percent_statements_covered_display": "100", "num_branches": 0, "num_partial_branches": 0, "covered_branches": 0, "missing_branches": 0, "percent_branches_covered": 100.0, "percent_branches_covered_display": "100"}, "missing_lines": [], "excluded_lines": [], "start_line": 1, "executed_branches": [], "missing_branches": []}}, "classes": {"": {"executed_lines": [3, 4, 5, 8, 18, 19, 22, 25, 28, 30, 33, 44, 45, 47, 49, 50, 52, 54, 55, 56, 57, 59, 60, 61, 63, 66, 76, 79, 89, 90, 92, 93, 94, 95, 96, 97, 98, 99, 100, 101, 102, 104, 107, 117, 127, 128, 129, 130, 132, 135, 145, 146, 147], "summary": {"covered_lines": 53, "num_statements": 53, "percent_covered": 100.0, "percent_covered_display": "100", "missing_lines": 0, "excluded_lines": 0, "percent_statements_covered": 100.0, "percent_statements_covered_display": "100", "num_branches": 18, "num_partial_branches": 0, "covered_branches": 18, "missing_branches": 0, "percent_branches_covered": 100.0, "percent_branches_covered_display": "100"}, "missing_lines": [], "excluded_lines": [], "start_line": 1, "executed_branches": [[18, 19], [18, 22], [44, 45], [44, 47], [49, 50], [49, 52], [54, 55], [54, 59], [56, 54], [56, 57], [60, 61], [60, 63], [89, 90], [89, 92], [128, 129], [128, 132], [129, 128], [129, 130]], "missing_branches": []}}}}, "totals": {"covered_lines": 2926, "num_statements": 3906, "percent_covered": 71.44292604501608, "percent_covered_display": "71", "missing_lines": 980, "excluded_lines": 17, "percent_statements_covered": 74.91039426523298, "percent_statements_covered_display": "75", "num_branches": 1070, "num_partial_branches": 91, "covered_branches": 629, "missing_branches": 441, "percent_branches_covered": 58.78504672897196, "percent_branches_covered_display": "59"}}